#
# There is insufficient memory for the Java Runtime Environment to continue.
# Native memory allocation (malloc) failed to allocate 1048576 bytes for AllocateHeap
# Possible reasons:
#   The system is out of physical RAM or swap space
#   In 32 bit mode, the process size limit was hit
# Possible solutions:
#   Reduce memory load on the system
#   Increase physical memory or swap space
#   Check if swap backing store is full
#   Use 64 bit Java on a 64 bit OS
#   Decrease Java heap size (-Xmx/-Xms)
#   Decrease number of Java threads
#   Decrease Java thread stack sizes (-Xss)
#   Set larger code cache with -XX:ReservedCodeCacheSize=
# This output file may be truncated or incomplete.
#
#  Out of Memory Error (memory/allocation.inline.hpp:61), pid=16428, tid=15292
#
# JRE version:  (8.0_77-b03) (build )
# Java VM: Java HotSpot(TM) 64-Bit Server VM (25.77-b03 mixed mode windows-amd64 compressed oops)
# Failed to write core dump. Minidumps are not enabled by default on client versions of Windows
#

---------------  T H R E A D  ---------------

Current thread (0x000000000281e800):  JavaThread "Unknown thread" [_thread_in_vm, id=15292, stack(0x0000000002ba0000,0x0000000002ca0000)]

Stack: [0x0000000002ba0000,0x0000000002ca0000]
[error occurred during error reporting (printing stack bounds), id 0xc0000005]

Native frames: (J=compiled Java code, j=interpreted, Vv=VM code, C=native code)


---------------  P R O C E S S  ---------------

Java Threads: ( => current thread )

Other Threads:

=>0x000000000281e800 (exited) JavaThread "Unknown thread" [_thread_in_vm, id=15292, stack(0x0000000002ba0000,0x0000000002ca0000)]

VM state:not at safepoint (normal execution)

VM Mutex/Monitor currently owned by a thread: None

Heap:
 PSYoungGen      total 76288K, used 1310K [0x000000076b180000, 0x0000000770680000, 0x00000007c0000000)
  eden space 65536K, 2% used [0x000000076b180000,0x000000076b2c7af0,0x000000076f180000)
  from space 10752K, 0% used [0x000000076fc00000,0x000000076fc00000,0x0000000770680000)
  to   space 10752K, 0% used [0x000000076f180000,0x000000076f180000,0x000000076fc00000)
 ParOldGen       total 175104K, used 0K [0x00000006c1400000, 0x00000006cbf00000, 0x000000076b180000)
  object space 175104K, 0% used [0x00000006c1400000,0x00000006c1400000,0x00000006cbf00000)
 Metaspace       used 791K, capacity 1156K, committed 1408K, reserved 1060864K
  class space    used 75K, capacity 384K, committed 384K, reserved 1048576K

Card table byte_map: [0x0000000012320000,0x0000000012b20000] byte_map_base: 0x000000000ed16000

Marking Bits: (ParMarkBitMap*) 0x0000000050de0600
 Begin Bits: [0x0000000013670000, 0x0000000017620000)
 End Bits:   [0x0000000017620000, 0x000000001b5d0000)

Polling page: 0x00000000027c0000

CodeCache: size=245760Kb used=328Kb max_used=328Kb free=245431Kb
 bounds [0x0000000002f60000, 0x00000000031d0000, 0x0000000011f60000]
 total_blobs=58 nmethods=0 adapters=38
 compilation: enabled

Compilation events (0 events):
No events

GC Heap History (0 events):
No events

Deoptimization events (0 events):
No events

Internal exceptions (0 events):
No events

Events (10 events):
Event: 0.024 loading class java/lang/Short
Event: 0.024 loading class java/lang/Short done
Event: 0.024 loading class java/lang/Integer
Event: 0.024 loading class java/lang/Integer done
Event: 0.024 loading class java/lang/Long
Event: 0.024 loading class java/lang/Long done
Event: 0.025 loading class java/lang/NullPointerException
Event: 0.025 loading class java/lang/NullPointerException done
Event: 0.025 loading class java/lang/ArithmeticException
Event: 0.025 loading class java/lang/ArithmeticException done


Dynamic libraries:
0x00007ff7dd460000 - 0x00007ff7dd497000 	C:\Program Files\Java\jdk1.8.0_77\bin\java.exe
0x00007ffafff30000 - 0x00007ffb00125000 	C:\Windows\SYSTEM32\ntdll.dll
0x00007ffaff200000 - 0x00007ffaff2bd000 	C:\Windows\System32\KERNEL32.DLL
0x00007ffafd940000 - 0x00007ffafdc08000 	C:\Windows\System32\KERNELBASE.dll
0x00007ffafe5a0000 - 0x00007ffafe64c000 	C:\Windows\System32\ADVAPI32.dll
0x00007ffafec90000 - 0x00007ffafed2e000 	C:\Windows\System32\msvcrt.dll
0x00007ffaffe50000 - 0x00007ffaffeeb000 	C:\Windows\System32\sechost.dll
0x00007ffaffcc0000 - 0x00007ffaffdeb000 	C:\Windows\System32\RPCRT4.dll
0x00007ffafe150000 - 0x00007ffafe2f0000 	C:\Windows\System32\USER32.dll
0x00007ffafddf0000 - 0x00007ffafde12000 	C:\Windows\System32\win32u.dll
0x00007ffafe120000 - 0x00007ffafe14a000 	C:\Windows\System32\GDI32.dll
0x00007ffafde80000 - 0x00007ffafdf8b000 	C:\Windows\System32\gdi32full.dll
0x00007ffafd670000 - 0x00007ffafd70d000 	C:\Windows\System32\msvcp_win.dll
0x00007ffafd840000 - 0x00007ffafd940000 	C:\Windows\System32\ucrtbase.dll
0x00007ffaf3a80000 - 0x00007ffaf3d1a000 	C:\Windows\WinSxS\amd64_microsoft.windows.common-controls_6595b64144ccf1df_6.0.19041.844_none_ca00b6081b84eb1d\COMCTL32.dll
0x00007ffafe0f0000 - 0x00007ffafe120000 	C:\Windows\System32\IMM32.DLL
0x0000000050e60000 - 0x0000000050f32000 	C:\Program Files\Java\jdk1.8.0_77\jre\bin\msvcr100.dll
0x00000000505d0000 - 0x0000000050e60000 	C:\Program Files\Java\jdk1.8.0_77\jre\bin\server\jvm.dll
0x00007ffafe0e0000 - 0x00007ffafe0e8000 	C:\Windows\System32\PSAPI.DLL
0x00007ffaf9260000 - 0x00007ffaf9269000 	C:\Windows\SYSTEM32\WSOCK32.dll
0x00007ffaf5c40000 - 0x00007ffaf5c67000 	C:\Windows\SYSTEM32\WINMM.dll
0x00007ffaf7d30000 - 0x00007ffaf7d3a000 	C:\Windows\SYSTEM32\VERSION.dll
0x00007ffafe360000 - 0x00007ffafe3cb000 	C:\Windows\System32\WS2_32.dll
0x00000000505c0000 - 0x00000000505cf000 	C:\Program Files\Java\jdk1.8.0_77\jre\bin\verify.dll
0x0000000050590000 - 0x00000000505b9000 	C:\Program Files\Java\jdk1.8.0_77\jre\bin\java.dll
0x0000000050530000 - 0x0000000050565000 	C:\Program Files\Java\jdk1.8.0_77\jre\bin\jdwp.dll
0x0000000050520000 - 0x0000000050528000 	C:\Program Files\Java\jdk1.8.0_77\jre\bin\npt.dll
0x00000000504f0000 - 0x0000000050513000 	C:\Program Files\Java\jdk1.8.0_77\jre\bin\instrument.dll
0x0000000050570000 - 0x0000000050586000 	C:\Program Files\Java\jdk1.8.0_77\jre\bin\zip.dll

VM Arguments:
jvm_args: -agentlib:jdwp=transport=dt_socket,address=127.0.0.1:63820,suspend=y,server=n -javaagent:C:\Users\Administrator\AppData\Local\JetBrains\IntelliJIdea2020.1\captureAgent\debugger-agent.jar -Dfile.encoding=UTF-8 
java_command: com.gm.project.gmtool.StatLogServer
java_class_path (initial): C:\Program Files\Java\jdk1.8.0_77\jre\lib\charsets.jar;C:\Program Files\Java\jdk1.8.0_77\jre\lib\deploy.jar;C:\Program Files\Java\jdk1.8.0_77\jre\lib\ext\access-bridge-64.jar;C:\Program Files\Java\jdk1.8.0_77\jre\lib\ext\cldrdata.jar;C:\Program Files\Java\jdk1.8.0_77\jre\lib\ext\dnsns.jar;C:\Program Files\Java\jdk1.8.0_77\jre\lib\ext\jaccess.jar;C:\Program Files\Java\jdk1.8.0_77\jre\lib\ext\jfxrt.jar;C:\Program Files\Java\jdk1.8.0_77\jre\lib\ext\localedata.jar;C:\Program Files\Java\jdk1.8.0_77\jre\lib\ext\nashorn.jar;C:\Program Files\Java\jdk1.8.0_77\jre\lib\ext\sunec.jar;C:\Program Files\Java\jdk1.8.0_77\jre\lib\ext\sunjce_provider.jar;C:\Program Files\Java\jdk1.8.0_77\jre\lib\ext\sunmscapi.jar;C:\Program Files\Java\jdk1.8.0_77\jre\lib\ext\sunpkcs11.jar;C:\Program Files\Java\jdk1.8.0_77\jre\lib\ext\zipfs.jar;C:\Program Files\Java\jdk1.8.0_77\jre\lib\javaws.jar;C:\Program Files\Java\jdk1.8.0_77\jre\lib\jce.jar;C:\Program Files\Java\jdk1.8.0_77\jre\lib\jfr.jar;C:\Program Files\Java\jdk1.8.0_77\jre\lib\jfxswt.jar;C:\Program Files\Java\jdk1.8.0_77\jre\lib\jsse.jar;C:\Program Files\Java\jdk1.8.0_77\jre\lib\management-agent.jar;C:\Program Files\Java\jdk1.8.0_77\jre\lib\plugin.jar;C:\Program Files\Java\jdk1.8.0_77\jre\lib\resources.jar;C:\Program Files\Java\jdk1.8.0_77\jre\lib\rt.jar;D:\workspace\TianZhiJin01\Server\StatLogServer\out\production\StatLogServer;D:\workspace\TianZhiJin01\Server\StatLogServer\lib\guava-r08.jar;D:\workspace\TianZhiJin01\Server\StatLogServer\lib\log4j-1.2.17.jar;D:\workspace\TianZhiJin01\Server\StatLogServer\lib\quartz-1.6.1.jar;D:\workspace\TianZhiJin01\Server\StatLogServer\lib\slf4j-api-1.7.7.jar;D:\workspace\TianZhiJin01\Server\StatLogServer\lib\commons-lang3-3.9.jar;D:\workspace\TianZhiJin01\Server\StatLogServer\lib\commons-dbutils-1.7.jar;D:\workspace\TianZhiJin01\Server\StatLogServer\lib\commons-logging-1.2.jar;D:\workspace\TianZhiJin01\Server\StatLogServer\lib\bonecp-0.7.1.RELEASE.jar;D:\workspace\TianZhiJin01
Launcher Type: SUN_STANDARD

Environment Variables:
JAVA_HOME=C:\Program Files\Java\jdk1.8.0_77
PATH=C:\ProgramData\Oracle\Java\javapath;C:\Windows\system32;C:\Windows;C:\Windows\System32\Wbem;C:\Windows\System32\WindowsPowerShell\v1.0\;C:\Program Files\TortoiseSVN\bin;C:\Program Files\CMake\bin;C:\Users\Administrator\AppData\Local\Microsoft\WindowsApps;E:\sort\apache-ant-1.9.11\bin;
USERNAME=Administrator
OS=Windows_NT
PROCESSOR_IDENTIFIER=Intel64 Family 6 Model 158 Stepping 10, GenuineIntel



---------------  S Y S T E M  ---------------

OS: Windows 10.0 , 64 bit Build 19041 (10.0.19041.928)

CPU:total 6 (6 cores per cpu, 1 threads per core) family 6 model 158 stepping 10, cmov, cx8, fxsr, mmx, sse, sse2, sse3, ssse3, sse4.1, sse4.2, popcnt, avx, avx2, aes, clmul, erms, 3dnowpref, lzcnt, tsc, tscinvbit, bmi1, bmi2, adx

Memory: 4k page, physical 16687164k(3317436k free), swap 29794616k(6180k free)

vm_info: Java HotSpot(TM) 64-Bit Server VM (25.77-b03) for windows-amd64 JRE (1.8.0_77-b03), built on Mar 20 2016 22:01:33 by "java_re" with MS VC++ 10.0 (VS2010)

time: Mon Nov 29 16:00:45 2021
elapsed time: 0 seconds (0d 0h 0m 0s)

