[2023-02-15 02:01:39 INFO]文件路径：../GameCfg/src\com/data\FunctionStart.java
[2023-02-15 02:01:39 INFO]FunctionStart.java导出成功。
[2023-02-15 02:01:40 INFO]文件路径：../GameCfg/src\com/data\FunctionVariable.java
[2023-02-15 02:01:40 INFO]FunctionVariable.java导出成功。
[2023-02-15 02:01:40 INFO]文件路径：../GameCfg/src\com/data\ItemChangeReason.java
[2023-02-15 02:01:40 INFO]ItemChangeReason.java导出成功。
[2023-02-15 02:02:12 INFO]ScriptConfigManager.java导出成功。
[2023-02-15 02:02:12 INFO]CfgManager.java导出成功。
[2023-02-15 02:02:20 INFO]文件路径：../GameCfg/src\com/data\FunctionStart.java
[2023-02-15 02:02:20 INFO]FunctionStart.java导出成功。
[2023-02-15 02:02:20 INFO]文件路径：../GameCfg/src\com/data\FunctionVariable.java
[2023-02-15 02:02:20 INFO]FunctionVariable.java导出成功。
[2023-02-15 02:02:20 INFO]文件路径：../GameCfg/src\com/data\ItemChangeReason.java
[2023-02-15 02:02:20 INFO]ItemChangeReason.java导出成功。
[2023-02-15 02:02:22 ERROR]task表读取错误
java.io.FileNotFoundException: M:\project\tzj\Server\Tools\M:\project\tzj\策划专用\配置表\Gamedata\Config\task.xlsx (文件名、目录名或卷标语法不正确。)
	at java.io.FileInputStream.open0(Native Method)
	at java.io.FileInputStream.open(FileInputStream.java:195)
	at java.io.FileInputStream.<init>(FileInputStream.java:138)
	at java.io.FileInputStream.<init>(FileInputStream.java:93)
	at excelExport.TaskExcelToCode.taskToCode(TaskExcelToCode.java:140)
	at excelExport.ExcelToCode.excelPathToCode(ExcelToCode.java:276)
	at excelExport.ExcelToCode.toCode(ExcelToCode.java:230)
	at excelExport.ExcelToCode.toJava(ExcelToCode.java:130)
	at excelExport.ExcelToCode.main(ExcelToCode.java:76)
[2023-02-15 02:02:22 INFO]ScriptConfigManager.java导出成功。
[2023-02-15 02:02:22 INFO]CfgManager.java导出成功。
[2023-02-15 02:02:53 INFO]文件路径：../GameCfg/src\com/data\FunctionStart.java
[2023-02-15 02:02:53 INFO]FunctionStart.java导出成功。
[2023-02-15 02:02:53 INFO]文件路径：../GameCfg/src\com/data\FunctionVariable.java
[2023-02-15 02:02:53 INFO]FunctionVariable.java导出成功。
[2023-02-15 02:02:53 INFO]文件路径：../GameCfg/src\com/data\ItemChangeReason.java
[2023-02-15 02:02:53 INFO]ItemChangeReason.java导出成功。
[2023-02-15 02:02:55 ERROR]task表读3行3列完成任务类型配置错误
[2023-02-15 02:02:55 ERROR]task表读4行3列完成任务类型配置错误
[2023-02-15 02:02:55 ERROR]task表读5行3列完成任务类型配置错误
[2023-02-15 02:02:55 ERROR]task表读6行3列完成任务类型配置错误
[2023-02-15 02:02:55 ERROR]task表读7行3列完成任务类型配置错误
[2023-02-15 02:02:55 ERROR]task表读8行3列完成任务类型配置错误
[2023-02-15 02:02:55 ERROR]task表读9行3列完成任务类型配置错误
[2023-02-15 02:02:55 ERROR]task表读10行3列完成任务类型配置错误
[2023-02-15 02:02:55 ERROR]task表读11行3列完成任务类型配置错误
[2023-02-15 02:02:55 ERROR]task表读12行3列完成任务类型配置错误
[2023-02-15 02:02:55 ERROR]task表读13行3列完成任务类型配置错误
[2023-02-15 02:02:55 ERROR]task表读14行3列完成任务类型配置错误
[2023-02-15 02:02:55 ERROR]task表读15行3列完成任务类型配置错误
[2023-02-15 02:02:55 ERROR]task表读16行3列完成任务类型配置错误
[2023-02-15 02:02:55 ERROR]task表读17行3列完成任务类型配置错误
[2023-02-15 02:02:55 ERROR]task表读18行3列完成任务类型配置错误
[2023-02-15 02:02:55 ERROR]task表读19行3列完成任务类型配置错误
[2023-02-15 02:02:55 ERROR]task表读20行3列完成任务类型配置错误
[2023-02-15 02:02:55 ERROR]task表读21行3列完成任务类型配置错误
[2023-02-15 02:02:55 ERROR]task表读22行3列完成任务类型配置错误
[2023-02-15 02:02:55 ERROR]task表读23行3列完成任务类型配置错误
[2023-02-15 02:02:55 ERROR]task表读24行3列完成任务类型配置错误
[2023-02-15 02:02:55 ERROR]task表读25行3列完成任务类型配置错误
[2023-02-15 02:02:55 ERROR]task表读26行3列完成任务类型配置错误
[2023-02-15 02:02:55 ERROR]task表读27行3列完成任务类型配置错误
[2023-02-15 02:02:55 ERROR]task表读28行3列完成任务类型配置错误
[2023-02-15 02:02:55 ERROR]task表读29行3列完成任务类型配置错误
[2023-02-15 02:02:55 ERROR]task表读30行3列完成任务类型配置错误
[2023-02-15 02:02:55 ERROR]task表读31行3列完成任务类型配置错误
[2023-02-15 02:02:55 ERROR]task表读32行3列完成任务类型配置错误
[2023-02-15 02:02:55 ERROR]task表读33行3列完成任务类型配置错误
[2023-02-15 02:02:55 ERROR]task表读34行3列完成任务类型配置错误
[2023-02-15 02:02:55 ERROR]task表读35行3列完成任务类型配置错误
[2023-02-15 02:02:55 ERROR]task表读36行3列完成任务类型配置错误
[2023-02-15 02:02:55 ERROR]task表读37行3列完成任务类型配置错误
[2023-02-15 02:02:55 ERROR]task表读38行3列完成任务类型配置错误
[2023-02-15 02:02:55 ERROR]task表读39行3列完成任务类型配置错误
[2023-02-15 02:02:55 ERROR]task表读40行3列完成任务类型配置错误
[2023-02-15 02:02:55 ERROR]task表读41行3列完成任务类型配置错误
[2023-02-15 02:02:55 ERROR]task表读42行3列完成任务类型配置错误
[2023-02-15 02:02:55 ERROR]task表读43行3列完成任务类型配置错误
[2023-02-15 02:02:55 ERROR]task表读44行3列完成任务类型配置错误
[2023-02-15 02:02:55 ERROR]task表读45行3列完成任务类型配置错误
[2023-02-15 02:02:55 ERROR]task表读46行3列完成任务类型配置错误
[2023-02-15 02:02:55 ERROR]task表读47行3列完成任务类型配置错误
[2023-02-15 02:02:55 ERROR]task表读48行3列完成任务类型配置错误
[2023-02-15 02:02:55 ERROR]task表读49行3列完成任务类型配置错误
[2023-02-15 02:02:55 ERROR]task表读50行3列完成任务类型配置错误
[2023-02-15 02:02:55 ERROR]task表读51行3列完成任务类型配置错误
[2023-02-15 02:02:55 ERROR]task表读52行3列完成任务类型配置错误
[2023-02-15 02:02:55 ERROR]task表读53行3列完成任务类型配置错误
[2023-02-15 02:02:55 ERROR]task表读54行3列完成任务类型配置错误
[2023-02-15 02:02:55 ERROR]task表读55行3列完成任务类型配置错误
[2023-02-15 02:02:55 ERROR]task表读56行3列完成任务类型配置错误
[2023-02-15 02:02:55 ERROR]task表读57行3列完成任务类型配置错误
[2023-02-15 02:02:55 ERROR]task表读58行3列完成任务类型配置错误
[2023-02-15 02:02:55 ERROR]task表读59行3列完成任务类型配置错误
[2023-02-15 02:02:55 ERROR]task表读60行3列完成任务类型配置错误
[2023-02-15 02:02:55 ERROR]task表读61行3列完成任务类型配置错误
[2023-02-15 02:02:55 ERROR]task表读62行3列完成任务类型配置错误
[2023-02-15 02:02:55 ERROR]task表读63行3列完成任务类型配置错误
[2023-02-15 02:02:55 ERROR]task表读64行3列完成任务类型配置错误
[2023-02-15 02:02:55 ERROR]task表读65行3列完成任务类型配置错误
[2023-02-15 02:02:55 ERROR]task表读66行3列完成任务类型配置错误
[2023-02-15 02:02:55 ERROR]task表读67行3列完成任务类型配置错误
[2023-02-15 02:02:55 ERROR]task表读68行3列完成任务类型配置错误
[2023-02-15 02:02:55 ERROR]task表读69行3列完成任务类型配置错误
[2023-02-15 02:02:55 ERROR]task表读70行3列完成任务类型配置错误
[2023-02-15 02:02:55 ERROR]task表读71行3列完成任务类型配置错误
[2023-02-15 02:02:55 ERROR]task表读72行3列完成任务类型配置错误
[2023-02-15 02:02:55 ERROR]task表读73行3列完成任务类型配置错误
[2023-02-15 02:02:55 ERROR]task表读74行3列完成任务类型配置错误
[2023-02-15 02:02:55 ERROR]task表读75行3列完成任务类型配置错误
[2023-02-15 02:02:55 ERROR]task表读76行3列完成任务类型配置错误
[2023-02-15 02:02:55 ERROR]task表读77行3列完成任务类型配置错误
[2023-02-15 02:02:55 ERROR]task表读78行3列完成任务类型配置错误
[2023-02-15 02:02:55 ERROR]task表读79行3列完成任务类型配置错误
[2023-02-15 02:02:55 ERROR]task表读80行3列完成任务类型配置错误
[2023-02-15 02:02:55 ERROR]task表读81行3列完成任务类型配置错误
[2023-02-15 02:02:55 ERROR]task表读82行3列完成任务类型配置错误
[2023-02-15 02:02:55 ERROR]task表读83行3列完成任务类型配置错误
[2023-02-15 02:02:55 ERROR]task表读84行3列完成任务类型配置错误
[2023-02-15 02:02:55 ERROR]task表读85行3列完成任务类型配置错误
[2023-02-15 02:02:55 ERROR]task表读86行3列完成任务类型配置错误
[2023-02-15 02:02:55 ERROR]task表读87行3列完成任务类型配置错误
[2023-02-15 02:02:55 ERROR]task表读88行3列完成任务类型配置错误
[2023-02-15 02:02:55 ERROR]task表读89行3列完成任务类型配置错误
[2023-02-15 02:02:55 ERROR]task表读90行3列完成任务类型配置错误
[2023-02-15 02:02:55 ERROR]task表读91行3列完成任务类型配置错误
[2023-02-15 02:02:55 ERROR]task表读92行3列完成任务类型配置错误
[2023-02-15 02:02:55 ERROR]task表读93行3列完成任务类型配置错误
[2023-02-15 02:02:55 ERROR]task表读94行3列完成任务类型配置错误
[2023-02-15 02:02:55 ERROR]task表读95行3列完成任务类型配置错误
[2023-02-15 02:02:55 ERROR]task表读96行3列完成任务类型配置错误
[2023-02-15 02:02:55 ERROR]task表读97行3列完成任务类型配置错误
[2023-02-15 02:02:55 ERROR]task表读98行3列完成任务类型配置错误
[2023-02-15 02:02:55 ERROR]task表读99行3列完成任务类型配置错误
[2023-02-15 02:02:55 ERROR]task表读100行3列完成任务类型配置错误
[2023-02-15 02:02:55 ERROR]task表读101行3列完成任务类型配置错误
[2023-02-15 02:02:55 ERROR]task表读102行3列完成任务类型配置错误
[2023-02-15 02:02:55 ERROR]task表读103行3列完成任务类型配置错误
[2023-02-15 02:02:55 ERROR]task表读104行3列完成任务类型配置错误
[2023-02-15 02:02:55 ERROR]task表读105行3列完成任务类型配置错误
[2023-02-15 02:02:55 ERROR]task表读106行3列完成任务类型配置错误
[2023-02-15 02:02:55 ERROR]task表读107行3列完成任务类型配置错误
[2023-02-15 02:02:55 ERROR]task表读108行3列完成任务类型配置错误
[2023-02-15 02:02:55 ERROR]task表读109行3列完成任务类型配置错误
[2023-02-15 02:02:55 ERROR]task表读110行3列完成任务类型配置错误
[2023-02-15 02:02:55 ERROR]task表读111行3列完成任务类型配置错误
[2023-02-15 02:02:55 ERROR]task表读112行3列完成任务类型配置错误
[2023-02-15 02:02:55 ERROR]task表读113行3列完成任务类型配置错误
[2023-02-15 02:02:55 ERROR]task表读114行3列完成任务类型配置错误
[2023-02-15 02:02:55 ERROR]task表读115行3列完成任务类型配置错误
[2023-02-15 02:02:55 ERROR]task表读116行3列完成任务类型配置错误
[2023-02-15 02:02:55 ERROR]task表读117行3列完成任务类型配置错误
[2023-02-15 02:02:55 ERROR]task表读118行3列完成任务类型配置错误
[2023-02-15 02:02:55 ERROR]task表读119行3列完成任务类型配置错误
[2023-02-15 02:02:55 ERROR]task表读120行3列完成任务类型配置错误
[2023-02-15 02:02:55 ERROR]task表读121行3列完成任务类型配置错误
[2023-02-15 02:02:55 ERROR]task表读122行3列完成任务类型配置错误
[2023-02-15 02:02:55 ERROR]task表读123行3列完成任务类型配置错误
[2023-02-15 02:02:55 ERROR]task表读124行3列完成任务类型配置错误
[2023-02-15 02:02:55 ERROR]task表读125行3列完成任务类型配置错误
[2023-02-15 02:02:55 ERROR]task表读126行3列完成任务类型配置错误
[2023-02-15 02:02:55 ERROR]task表读127行3列完成任务类型配置错误
[2023-02-15 02:02:55 ERROR]task表读128行3列完成任务类型配置错误
[2023-02-15 02:02:55 ERROR]task表读129行3列完成任务类型配置错误
[2023-02-15 02:02:55 ERROR]task表读130行3列完成任务类型配置错误
[2023-02-15 02:02:55 ERROR]task表读131行3列完成任务类型配置错误
[2023-02-15 02:02:55 ERROR]task表读132行3列完成任务类型配置错误
[2023-02-15 02:02:55 ERROR]task表读133行3列完成任务类型配置错误
[2023-02-15 02:02:55 ERROR]task表读134行3列完成任务类型配置错误
[2023-02-15 02:02:55 ERROR]task表读135行3列完成任务类型配置错误
[2023-02-15 02:02:55 ERROR]task表读136行3列完成任务类型配置错误
[2023-02-15 02:02:55 ERROR]task表读137行3列完成任务类型配置错误
[2023-02-15 02:02:55 ERROR]task表读138行3列完成任务类型配置错误
[2023-02-15 02:02:55 ERROR]task表读139行3列完成任务类型配置错误
[2023-02-15 02:02:55 ERROR]task表读140行3列完成任务类型配置错误
[2023-02-15 02:02:55 ERROR]task表读141行3列完成任务类型配置错误
[2023-02-15 02:02:55 ERROR]task表读142行3列完成任务类型配置错误
[2023-02-15 02:02:55 ERROR]task表读143行3列完成任务类型配置错误
[2023-02-15 02:02:55 ERROR]task表读144行3列完成任务类型配置错误
[2023-02-15 02:02:55 ERROR]task表读145行3列完成任务类型配置错误
[2023-02-15 02:02:55 ERROR]task表读146行3列完成任务类型配置错误
[2023-02-15 02:02:55 ERROR]task表读147行3列完成任务类型配置错误
[2023-02-15 02:02:55 ERROR]task表读148行3列完成任务类型配置错误
[2023-02-15 02:02:55 ERROR]task表读149行3列完成任务类型配置错误
[2023-02-15 02:02:55 ERROR]task表读150行3列完成任务类型配置错误
[2023-02-15 02:02:55 ERROR]task表读151行3列完成任务类型配置错误
[2023-02-15 02:02:55 ERROR]task表读152行3列完成任务类型配置错误
[2023-02-15 02:02:55 ERROR]task表读153行3列完成任务类型配置错误
[2023-02-15 02:02:55 ERROR]task表读154行3列完成任务类型配置错误
[2023-02-15 02:02:55 ERROR]task表读155行3列完成任务类型配置错误
[2023-02-15 02:02:55 ERROR]task表读156行3列完成任务类型配置错误
[2023-02-15 02:02:55 ERROR]task表读157行3列完成任务类型配置错误
[2023-02-15 02:02:55 ERROR]task表读158行3列完成任务类型配置错误
[2023-02-15 02:02:55 ERROR]task表读159行3列完成任务类型配置错误
[2023-02-15 02:02:55 ERROR]task表读160行3列完成任务类型配置错误
[2023-02-15 02:02:55 ERROR]task表读161行3列完成任务类型配置错误
[2023-02-15 02:02:55 ERROR]task表读162行3列完成任务类型配置错误
[2023-02-15 02:02:55 ERROR]task表读163行3列完成任务类型配置错误
[2023-02-15 02:02:55 ERROR]task表读164行3列完成任务类型配置错误
[2023-02-15 02:02:55 ERROR]task表读165行3列完成任务类型配置错误
[2023-02-15 02:02:55 ERROR]task表读166行3列完成任务类型配置错误
[2023-02-15 02:02:55 ERROR]task表读167行3列完成任务类型配置错误
[2023-02-15 02:02:55 ERROR]task表读168行3列完成任务类型配置错误
[2023-02-15 02:02:55 ERROR]task表读169行3列完成任务类型配置错误
[2023-02-15 02:02:55 ERROR]task表读170行3列完成任务类型配置错误
[2023-02-15 02:02:55 ERROR]task表读171行3列完成任务类型配置错误
[2023-02-15 02:02:55 ERROR]task表读172行3列完成任务类型配置错误
[2023-02-15 02:02:55 ERROR]task表读173行3列完成任务类型配置错误
[2023-02-15 02:02:55 ERROR]task表读174行3列完成任务类型配置错误
[2023-02-15 02:02:55 ERROR]task表读175行3列完成任务类型配置错误
[2023-02-15 02:02:55 ERROR]task表读176行3列完成任务类型配置错误
[2023-02-15 02:02:55 ERROR]task表读177行3列完成任务类型配置错误
[2023-02-15 02:02:55 ERROR]task表读178行3列完成任务类型配置错误
[2023-02-15 02:02:55 ERROR]task表读179行3列完成任务类型配置错误
[2023-02-15 02:02:55 ERROR]task表读180行3列完成任务类型配置错误
[2023-02-15 02:02:55 ERROR]task表读181行3列完成任务类型配置错误
[2023-02-15 02:02:55 ERROR]task表读182行3列完成任务类型配置错误
[2023-02-15 02:02:55 ERROR]task表读183行3列完成任务类型配置错误
[2023-02-15 02:02:55 ERROR]task表读184行3列完成任务类型配置错误
[2023-02-15 02:02:55 ERROR]task表读185行3列完成任务类型配置错误
[2023-02-15 02:02:55 ERROR]task表读186行3列完成任务类型配置错误
[2023-02-15 02:02:55 ERROR]task表读187行3列完成任务类型配置错误
[2023-02-15 02:02:55 ERROR]task表读188行3列完成任务类型配置错误
[2023-02-15 02:02:55 ERROR]task表读189行3列完成任务类型配置错误
[2023-02-15 02:02:55 ERROR]task表读190行3列完成任务类型配置错误
[2023-02-15 02:02:55 ERROR]task表读191行3列完成任务类型配置错误
[2023-02-15 02:02:55 ERROR]task表读192行3列完成任务类型配置错误
[2023-02-15 02:02:55 ERROR]task表读193行3列完成任务类型配置错误
[2023-02-15 02:02:55 ERROR]task表读194行3列完成任务类型配置错误
[2023-02-15 02:02:55 ERROR]task表读195行3列完成任务类型配置错误
[2023-02-15 02:02:55 ERROR]task表读196行3列完成任务类型配置错误
[2023-02-15 02:02:55 ERROR]task表读197行3列完成任务类型配置错误
[2023-02-15 02:02:55 ERROR]task表读198行3列完成任务类型配置错误
[2023-02-15 02:02:55 ERROR]task表读199行3列完成任务类型配置错误
[2023-02-15 02:02:55 ERROR]task表读200行3列完成任务类型配置错误
[2023-02-15 02:02:55 ERROR]task表读201行3列完成任务类型配置错误
[2023-02-15 02:02:55 ERROR]task表读202行3列完成任务类型配置错误
[2023-02-15 02:02:55 ERROR]task表读203行3列完成任务类型配置错误
[2023-02-15 02:02:55 ERROR]task表读204行3列完成任务类型配置错误
[2023-02-15 02:02:55 ERROR]task表读205行3列完成任务类型配置错误
[2023-02-15 02:02:55 ERROR]task表读206行3列完成任务类型配置错误
[2023-02-15 02:02:55 ERROR]task表读207行3列完成任务类型配置错误
[2023-02-15 02:02:55 ERROR]task表读208行3列完成任务类型配置错误
[2023-02-15 02:02:55 ERROR]task表读209行3列完成任务类型配置错误
[2023-02-15 02:02:55 ERROR]task表读210行3列完成任务类型配置错误
[2023-02-15 02:02:55 ERROR]task表读211行3列完成任务类型配置错误
[2023-02-15 02:02:55 ERROR]task表读212行3列完成任务类型配置错误
[2023-02-15 02:02:55 ERROR]task表读213行3列完成任务类型配置错误
[2023-02-15 02:02:55 ERROR]task表读214行3列完成任务类型配置错误
[2023-02-15 02:02:55 ERROR]task表读215行3列完成任务类型配置错误
[2023-02-15 02:02:55 ERROR]task表读216行3列完成任务类型配置错误
[2023-02-15 02:02:55 ERROR]task表读217行3列完成任务类型配置错误
[2023-02-15 02:02:55 ERROR]task表读218行3列完成任务类型配置错误
[2023-02-15 02:02:55 ERROR]task表读219行3列完成任务类型配置错误
[2023-02-15 02:02:55 ERROR]task表读220行3列完成任务类型配置错误
[2023-02-15 02:02:55 ERROR]task表读221行3列完成任务类型配置错误
[2023-02-15 02:02:55 ERROR]task表读222行3列完成任务类型配置错误
[2023-02-15 02:02:55 ERROR]task表读223行3列完成任务类型配置错误
[2023-02-15 02:02:55 ERROR]task表读224行3列完成任务类型配置错误
[2023-02-15 02:02:55 ERROR]task表读225行3列完成任务类型配置错误
[2023-02-15 02:02:55 ERROR]task表读226行3列完成任务类型配置错误
[2023-02-15 02:02:55 ERROR]task表读227行3列完成任务类型配置错误
[2023-02-15 02:02:55 ERROR]task表读228行3列完成任务类型配置错误
[2023-02-15 02:02:55 ERROR]task表读229行3列完成任务类型配置错误
[2023-02-15 02:02:55 ERROR]task表读230行3列完成任务类型配置错误
[2023-02-15 02:02:55 ERROR]task表读231行3列完成任务类型配置错误
[2023-02-15 02:02:55 ERROR]task表读232行3列完成任务类型配置错误
[2023-02-15 02:02:55 ERROR]task表读233行3列完成任务类型配置错误
[2023-02-15 02:02:55 ERROR]task表读234行3列完成任务类型配置错误
[2023-02-15 02:02:55 ERROR]task表读235行3列完成任务类型配置错误
[2023-02-15 02:02:55 ERROR]task表读236行3列完成任务类型配置错误
[2023-02-15 02:02:55 ERROR]task表读237行3列完成任务类型配置错误
[2023-02-15 02:02:55 ERROR]task表读238行3列完成任务类型配置错误
[2023-02-15 02:02:55 ERROR]task表读239行3列完成任务类型配置错误
[2023-02-15 02:02:55 ERROR]task表读240行3列完成任务类型配置错误
[2023-02-15 02:02:55 ERROR]task表读241行3列完成任务类型配置错误
[2023-02-15 02:02:55 ERROR]task表读242行3列完成任务类型配置错误
[2023-02-15 02:02:55 ERROR]task表读243行3列完成任务类型配置错误
[2023-02-15 02:02:55 ERROR]task表读244行3列完成任务类型配置错误
[2023-02-15 02:02:55 ERROR]task表读245行3列完成任务类型配置错误
[2023-02-15 02:02:55 ERROR]task表读246行3列完成任务类型配置错误
[2023-02-15 02:02:55 ERROR]task表读247行3列完成任务类型配置错误
[2023-02-15 02:02:55 ERROR]task表读248行3列完成任务类型配置错误
[2023-02-15 02:02:55 ERROR]task表读249行3列完成任务类型配置错误
[2023-02-15 02:02:55 ERROR]task表读250行3列完成任务类型配置错误
[2023-02-15 02:02:55 ERROR]task表读251行3列完成任务类型配置错误
[2023-02-15 02:02:55 ERROR]task表读252行3列完成任务类型配置错误
[2023-02-15 02:02:55 ERROR]task表读253行3列完成任务类型配置错误
[2023-02-15 02:02:55 ERROR]task表读254行3列完成任务类型配置错误
[2023-02-15 02:02:55 ERROR]task表读255行3列完成任务类型配置错误
[2023-02-15 02:02:55 ERROR]task表读256行3列完成任务类型配置错误
[2023-02-15 02:02:55 ERROR]task表读257行3列完成任务类型配置错误
[2023-02-15 02:02:55 ERROR]task表读258行3列完成任务类型配置错误
[2023-02-15 02:02:55 ERROR]task表读259行3列完成任务类型配置错误
[2023-02-15 02:02:55 ERROR]task表读260行3列完成任务类型配置错误
[2023-02-15 02:02:55 ERROR]task表读261行3列完成任务类型配置错误
[2023-02-15 02:02:55 ERROR]task表读262行3列完成任务类型配置错误
[2023-02-15 02:02:55 ERROR]task表读263行3列完成任务类型配置错误
[2023-02-15 02:02:55 ERROR]task表读264行3列完成任务类型配置错误
[2023-02-15 02:02:55 ERROR]task表读265行3列完成任务类型配置错误
[2023-02-15 02:02:55 ERROR]task表读266行3列完成任务类型配置错误
[2023-02-15 02:02:55 ERROR]task表读267行3列完成任务类型配置错误
[2023-02-15 02:02:55 ERROR]task表读268行3列完成任务类型配置错误
[2023-02-15 02:02:55 ERROR]task表读269行3列完成任务类型配置错误
[2023-02-15 02:02:55 ERROR]task表读270行3列完成任务类型配置错误
[2023-02-15 02:02:55 ERROR]task表读271行3列完成任务类型配置错误
[2023-02-15 02:02:55 ERROR]task表读272行3列完成任务类型配置错误
[2023-02-15 02:02:55 ERROR]task表读273行3列完成任务类型配置错误
[2023-02-15 02:02:55 ERROR]task表读274行3列完成任务类型配置错误
[2023-02-15 02:02:55 ERROR]task表读275行3列完成任务类型配置错误
[2023-02-15 02:02:55 ERROR]task表读276行3列完成任务类型配置错误
[2023-02-15 02:02:55 ERROR]task表读277行3列完成任务类型配置错误
[2023-02-15 02:02:55 ERROR]task表读278行3列完成任务类型配置错误
[2023-02-15 02:02:55 ERROR]task表读279行3列完成任务类型配置错误
[2023-02-15 02:02:55 ERROR]task表读280行3列完成任务类型配置错误
[2023-02-15 02:02:55 ERROR]task表读281行3列完成任务类型配置错误
[2023-02-15 02:02:55 ERROR]task表读282行3列完成任务类型配置错误
[2023-02-15 02:02:55 ERROR]task表读283行3列完成任务类型配置错误
[2023-02-15 02:02:55 ERROR]task表读284行3列完成任务类型配置错误
[2023-02-15 02:02:55 ERROR]task表读285行3列完成任务类型配置错误
[2023-02-15 02:02:55 ERROR]task表读286行3列完成任务类型配置错误
[2023-02-15 02:02:55 ERROR]task表读287行3列完成任务类型配置错误
[2023-02-15 02:02:55 ERROR]task表读288行3列完成任务类型配置错误
[2023-02-15 02:02:55 ERROR]task表读289行3列完成任务类型配置错误
[2023-02-15 02:02:55 ERROR]task表读290行3列完成任务类型配置错误
[2023-02-15 02:02:55 ERROR]task表读291行3列完成任务类型配置错误
[2023-02-15 02:02:55 ERROR]task表读292行3列完成任务类型配置错误
[2023-02-15 02:02:55 ERROR]task表读293行3列完成任务类型配置错误
[2023-02-15 02:02:55 ERROR]task表读294行3列完成任务类型配置错误
[2023-02-15 02:02:55 ERROR]task表读295行3列完成任务类型配置错误
[2023-02-15 02:02:55 ERROR]task表读296行3列完成任务类型配置错误
[2023-02-15 02:02:55 ERROR]task表读297行3列完成任务类型配置错误
[2023-02-15 02:02:55 ERROR]task表读298行3列完成任务类型配置错误
[2023-02-15 02:02:55 ERROR]task表读299行3列完成任务类型配置错误
[2023-02-15 02:02:55 ERROR]task表读300行3列完成任务类型配置错误
[2023-02-15 02:02:55 ERROR]task表读301行3列完成任务类型配置错误
[2023-02-15 02:02:55 ERROR]task表读302行3列完成任务类型配置错误
[2023-02-15 02:02:55 ERROR]task表读303行3列完成任务类型配置错误
[2023-02-15 02:02:55 ERROR]task表读304行3列完成任务类型配置错误
[2023-02-15 02:02:55 ERROR]task表读305行3列完成任务类型配置错误
[2023-02-15 02:02:55 ERROR]task表读306行3列完成任务类型配置错误
[2023-02-15 02:02:55 ERROR]task表读307行3列完成任务类型配置错误
[2023-02-15 02:02:55 ERROR]task表读308行3列完成任务类型配置错误
[2023-02-15 02:02:55 ERROR]task表读309行3列完成任务类型配置错误
[2023-02-15 02:02:55 ERROR]task表读310行3列完成任务类型配置错误
[2023-02-15 02:02:55 ERROR]task表读311行3列完成任务类型配置错误
[2023-02-15 02:02:55 ERROR]task表读312行3列完成任务类型配置错误
[2023-02-15 02:02:55 ERROR]task表读313行3列完成任务类型配置错误
[2023-02-15 02:02:55 ERROR]task表读314行3列完成任务类型配置错误
[2023-02-15 02:02:55 ERROR]task表读315行3列完成任务类型配置错误
[2023-02-15 02:02:55 ERROR]task表读316行3列完成任务类型配置错误
[2023-02-15 02:02:55 ERROR]task表读317行3列完成任务类型配置错误
[2023-02-15 02:02:55 ERROR]task表读318行3列完成任务类型配置错误
[2023-02-15 02:02:55 ERROR]task表读319行3列完成任务类型配置错误
[2023-02-15 02:02:55 ERROR]task表读320行3列完成任务类型配置错误
[2023-02-15 02:02:55 ERROR]task表读321行3列完成任务类型配置错误
[2023-02-15 02:02:55 ERROR]task表读322行3列完成任务类型配置错误
[2023-02-15 02:02:55 ERROR]task表读323行3列完成任务类型配置错误
[2023-02-15 02:02:55 ERROR]task表读324行3列完成任务类型配置错误
[2023-02-15 02:02:55 ERROR]task表读325行3列完成任务类型配置错误
[2023-02-15 02:02:55 ERROR]task表读326行3列完成任务类型配置错误
[2023-02-15 02:02:55 ERROR]task表读327行3列完成任务类型配置错误
[2023-02-15 02:02:55 ERROR]task表读328行3列完成任务类型配置错误
[2023-02-15 02:02:55 ERROR]task表读329行3列完成任务类型配置错误
[2023-02-15 02:02:55 ERROR]task表读330行3列完成任务类型配置错误
[2023-02-15 02:02:55 ERROR]task表读331行3列完成任务类型配置错误
[2023-02-15 02:02:55 ERROR]task表读332行3列完成任务类型配置错误
[2023-02-15 02:02:55 ERROR]task表读333行3列完成任务类型配置错误
[2023-02-15 02:02:55 ERROR]task表读334行3列完成任务类型配置错误
[2023-02-15 02:02:55 ERROR]task表读335行3列完成任务类型配置错误
[2023-02-15 02:02:55 ERROR]task表读336行3列完成任务类型配置错误
[2023-02-15 02:02:55 ERROR]task表读337行3列完成任务类型配置错误
[2023-02-15 02:02:55 ERROR]task表读338行3列完成任务类型配置错误
[2023-02-15 02:02:55 ERROR]task表读339行3列完成任务类型配置错误
[2023-02-15 02:02:55 ERROR]task表读340行3列完成任务类型配置错误
[2023-02-15 02:02:55 ERROR]task表读341行3列完成任务类型配置错误
[2023-02-15 02:02:55 ERROR]task表读342行3列完成任务类型配置错误
[2023-02-15 02:02:55 ERROR]task表读343行3列完成任务类型配置错误
[2023-02-15 02:02:55 ERROR]task表读344行3列完成任务类型配置错误
[2023-02-15 02:02:55 ERROR]task表读345行3列完成任务类型配置错误
[2023-02-15 02:02:55 ERROR]task表读346行3列完成任务类型配置错误
[2023-02-15 02:02:55 ERROR]task表读347行3列完成任务类型配置错误
[2023-02-15 02:02:55 ERROR]task表读348行3列完成任务类型配置错误
[2023-02-15 02:02:55 ERROR]task表读349行3列完成任务类型配置错误
[2023-02-15 02:02:55 ERROR]task表读350行3列完成任务类型配置错误
[2023-02-15 02:02:55 ERROR]task表读351行3列完成任务类型配置错误
[2023-02-15 02:02:55 ERROR]task表读352行3列完成任务类型配置错误
[2023-02-15 02:02:55 ERROR]task表读353行3列完成任务类型配置错误
[2023-02-15 02:02:55 ERROR]task表读354行3列完成任务类型配置错误
[2023-02-15 02:02:55 ERROR]task表读355行3列完成任务类型配置错误
[2023-02-15 02:02:55 ERROR]task表读356行3列完成任务类型配置错误
[2023-02-15 02:02:55 ERROR]task表读357行3列完成任务类型配置错误
[2023-02-15 02:02:55 ERROR]task表读358行3列完成任务类型配置错误
[2023-02-15 02:02:55 ERROR]task表读359行3列完成任务类型配置错误
[2023-02-15 02:02:55 ERROR]task表读360行3列完成任务类型配置错误
[2023-02-15 02:02:55 ERROR]task表读361行3列完成任务类型配置错误
[2023-02-15 02:02:55 ERROR]task表读362行3列完成任务类型配置错误
[2023-02-15 02:02:55 ERROR]task表读363行3列完成任务类型配置错误
[2023-02-15 02:02:55 ERROR]task表读364行3列完成任务类型配置错误
[2023-02-15 02:02:55 ERROR]task表读365行3列完成任务类型配置错误
[2023-02-15 02:02:55 ERROR]task表读366行3列完成任务类型配置错误
[2023-02-15 02:02:55 ERROR]task表读367行3列完成任务类型配置错误
[2023-02-15 02:02:55 ERROR]task表读368行3列完成任务类型配置错误
[2023-02-15 02:02:55 ERROR]task表读369行3列完成任务类型配置错误
[2023-02-15 02:02:55 ERROR]task表读370行3列完成任务类型配置错误
[2023-02-15 02:02:55 ERROR]task表读371行3列完成任务类型配置错误
[2023-02-15 02:02:55 ERROR]task表读372行3列完成任务类型配置错误
[2023-02-15 02:02:55 ERROR]task表读373行3列完成任务类型配置错误
[2023-02-15 02:02:55 ERROR]task表读374行3列完成任务类型配置错误
[2023-02-15 02:02:55 ERROR]task表读375行3列完成任务类型配置错误
[2023-02-15 02:02:55 ERROR]task表读376行3列完成任务类型配置错误
[2023-02-15 02:02:55 ERROR]task表读377行3列完成任务类型配置错误
[2023-02-15 02:02:55 ERROR]task表读378行3列完成任务类型配置错误
[2023-02-15 02:02:55 ERROR]task表读379行3列完成任务类型配置错误
[2023-02-15 02:02:55 ERROR]task表读380行3列完成任务类型配置错误
[2023-02-15 02:02:55 ERROR]task表读381行3列完成任务类型配置错误
[2023-02-15 02:02:55 ERROR]task表读382行3列完成任务类型配置错误
[2023-02-15 02:02:55 ERROR]task表读383行3列完成任务类型配置错误
[2023-02-15 02:02:55 ERROR]task表读384行3列完成任务类型配置错误
[2023-02-15 02:02:55 ERROR]task表读385行3列完成任务类型配置错误
[2023-02-15 02:02:55 ERROR]task表读386行3列完成任务类型配置错误
[2023-02-15 02:02:55 ERROR]task表读387行3列完成任务类型配置错误
[2023-02-15 02:02:55 ERROR]task表读388行3列完成任务类型配置错误
[2023-02-15 02:02:55 ERROR]task表读389行3列完成任务类型配置错误
[2023-02-15 02:02:55 ERROR]task表读390行3列完成任务类型配置错误
[2023-02-15 02:02:55 ERROR]task表读391行3列完成任务类型配置错误
[2023-02-15 02:02:55 ERROR]task表读392行3列完成任务类型配置错误
[2023-02-15 02:02:55 ERROR]task表读393行3列完成任务类型配置错误
[2023-02-15 02:02:55 ERROR]task表读394行3列完成任务类型配置错误
[2023-02-15 02:02:55 ERROR]task表读395行3列完成任务类型配置错误
[2023-02-15 02:02:55 ERROR]task表读396行3列完成任务类型配置错误
[2023-02-15 02:02:55 ERROR]task表读397行3列完成任务类型配置错误
[2023-02-15 02:02:55 ERROR]task表读398行3列完成任务类型配置错误
[2023-02-15 02:02:55 ERROR]task表读399行3列完成任务类型配置错误
[2023-02-15 02:02:55 ERROR]task表读400行3列完成任务类型配置错误
[2023-02-15 02:02:55 ERROR]task表读401行3列完成任务类型配置错误
[2023-02-15 02:02:55 ERROR]task表读402行3列完成任务类型配置错误
[2023-02-15 02:02:55 ERROR]task表读403行3列完成任务类型配置错误
[2023-02-15 02:02:55 ERROR]task表读404行3列完成任务类型配置错误
[2023-02-15 02:02:55 ERROR]task表读405行3列完成任务类型配置错误
[2023-02-15 02:02:55 ERROR]task表读406行3列完成任务类型配置错误
[2023-02-15 02:02:55 ERROR]task表读407行3列完成任务类型配置错误
[2023-02-15 02:02:55 ERROR]task表读408行3列完成任务类型配置错误
[2023-02-15 02:02:55 ERROR]task表读409行3列完成任务类型配置错误
[2023-02-15 02:02:55 ERROR]task表读410行3列完成任务类型配置错误
[2023-02-15 02:02:55 ERROR]task表读411行3列完成任务类型配置错误
[2023-02-15 02:02:55 ERROR]task表读412行3列完成任务类型配置错误
[2023-02-15 02:02:55 ERROR]task表读413行3列完成任务类型配置错误
[2023-02-15 02:02:55 ERROR]task表读414行3列完成任务类型配置错误
[2023-02-15 02:02:55 ERROR]task表读415行3列完成任务类型配置错误
[2023-02-15 02:02:55 ERROR]task表读416行3列完成任务类型配置错误
[2023-02-15 02:02:55 ERROR]task表读417行3列完成任务类型配置错误
[2023-02-15 02:02:55 ERROR]task表读418行3列完成任务类型配置错误
[2023-02-15 02:02:55 ERROR]task表读419行3列完成任务类型配置错误
[2023-02-15 02:02:55 ERROR]task表读420行3列完成任务类型配置错误
[2023-02-15 02:02:55 ERROR]task表读421行3列完成任务类型配置错误
[2023-02-15 02:02:55 ERROR]task表读422行3列完成任务类型配置错误
[2023-02-15 02:02:55 ERROR]task表读423行3列完成任务类型配置错误
[2023-02-15 02:02:55 ERROR]task表读424行3列完成任务类型配置错误
[2023-02-15 02:02:55 ERROR]task表读425行3列完成任务类型配置错误
[2023-02-15 02:02:55 ERROR]task表读426行3列完成任务类型配置错误
[2023-02-15 02:02:55 ERROR]task表读427行3列完成任务类型配置错误
[2023-02-15 02:02:55 ERROR]task表读428行3列完成任务类型配置错误
[2023-02-15 02:02:55 ERROR]task表读429行3列完成任务类型配置错误
[2023-02-15 02:02:55 ERROR]task表读430行3列完成任务类型配置错误
[2023-02-15 02:02:55 ERROR]task表读431行3列完成任务类型配置错误
[2023-02-15 02:02:55 ERROR]task表读432行3列完成任务类型配置错误
[2023-02-15 02:02:55 ERROR]task表读433行3列完成任务类型配置错误
[2023-02-15 02:02:55 ERROR]task表读434行3列完成任务类型配置错误
[2023-02-15 02:02:55 ERROR]task表读435行3列完成任务类型配置错误
[2023-02-15 02:02:55 ERROR]task表读436行3列完成任务类型配置错误
[2023-02-15 02:02:55 ERROR]task表读437行3列完成任务类型配置错误
[2023-02-15 02:02:55 ERROR]task表读438行3列完成任务类型配置错误
[2023-02-15 02:02:55 ERROR]task表读439行3列完成任务类型配置错误
[2023-02-15 02:02:55 ERROR]task表读440行3列完成任务类型配置错误
[2023-02-15 02:02:55 ERROR]task表读441行3列完成任务类型配置错误
[2023-02-15 02:02:55 ERROR]task表读442行3列完成任务类型配置错误
[2023-02-15 02:02:55 ERROR]task表读443行3列完成任务类型配置错误
[2023-02-15 02:02:55 ERROR]task表读444行3列完成任务类型配置错误
[2023-02-15 02:02:55 ERROR]task表读445行3列完成任务类型配置错误
[2023-02-15 02:02:55 ERROR]task表读446行3列完成任务类型配置错误
[2023-02-15 02:02:55 ERROR]task表读447行3列完成任务类型配置错误
[2023-02-15 02:02:55 ERROR]task表读448行3列完成任务类型配置错误
[2023-02-15 02:02:55 ERROR]task表读449行3列完成任务类型配置错误
[2023-02-15 02:02:55 ERROR]task表读450行3列完成任务类型配置错误
[2023-02-15 02:02:55 ERROR]task表读451行3列完成任务类型配置错误
[2023-02-15 02:02:55 ERROR]task表读452行3列完成任务类型配置错误
[2023-02-15 02:02:55 ERROR]task表读453行3列完成任务类型配置错误
[2023-02-15 02:02:55 ERROR]task表读454行3列完成任务类型配置错误
[2023-02-15 02:02:55 ERROR]task表读455行3列完成任务类型配置错误
[2023-02-15 02:02:55 ERROR]task表读456行3列完成任务类型配置错误
[2023-02-15 02:02:55 ERROR]task表读457行3列完成任务类型配置错误
[2023-02-15 02:02:55 ERROR]task表读458行3列完成任务类型配置错误
[2023-02-15 02:02:55 ERROR]task表读459行3列完成任务类型配置错误
[2023-02-15 02:02:55 ERROR]task表读460行3列完成任务类型配置错误
[2023-02-15 02:02:55 ERROR]task表读461行3列完成任务类型配置错误
[2023-02-15 02:02:55 ERROR]task表读462行3列完成任务类型配置错误
[2023-02-15 02:02:55 ERROR]task表读463行3列完成任务类型配置错误
[2023-02-15 02:02:55 ERROR]task表读464行3列完成任务类型配置错误
[2023-02-15 02:02:55 ERROR]task表读465行3列完成任务类型配置错误
[2023-02-15 02:02:55 ERROR]task表读466行3列完成任务类型配置错误
[2023-02-15 02:02:55 ERROR]task表读467行3列完成任务类型配置错误
[2023-02-15 02:02:55 ERROR]task表读468行3列完成任务类型配置错误
[2023-02-15 02:02:55 ERROR]task表读469行3列完成任务类型配置错误
[2023-02-15 02:02:55 ERROR]task表读470行3列完成任务类型配置错误
[2023-02-15 02:02:55 ERROR]task表读471行3列完成任务类型配置错误
[2023-02-15 02:02:55 ERROR]task表读472行3列完成任务类型配置错误
[2023-02-15 02:02:55 ERROR]task表读473行3列完成任务类型配置错误
[2023-02-15 02:02:55 ERROR]task表读474行3列完成任务类型配置错误
[2023-02-15 02:02:55 ERROR]task表读475行3列完成任务类型配置错误
[2023-02-15 02:02:55 ERROR]task表读476行3列完成任务类型配置错误
[2023-02-15 02:02:55 ERROR]task表读477行3列完成任务类型配置错误
[2023-02-15 02:02:55 ERROR]task表读478行3列完成任务类型配置错误
[2023-02-15 02:02:55 ERROR]task表读479行3列完成任务类型配置错误
[2023-02-15 02:02:55 ERROR]task表读480行3列完成任务类型配置错误
[2023-02-15 02:02:55 ERROR]task表读481行3列完成任务类型配置错误
[2023-02-15 02:02:55 ERROR]task表读482行3列完成任务类型配置错误
[2023-02-15 02:02:55 ERROR]task表读483行3列完成任务类型配置错误
[2023-02-15 02:02:55 ERROR]task表读484行3列完成任务类型配置错误
[2023-02-15 02:02:55 ERROR]task表读485行3列完成任务类型配置错误
[2023-02-15 02:02:55 ERROR]task表读486行3列完成任务类型配置错误
[2023-02-15 02:02:55 ERROR]task表读487行3列完成任务类型配置错误
[2023-02-15 02:02:55 ERROR]task表读488行3列完成任务类型配置错误
[2023-02-15 02:02:55 ERROR]task表读489行3列完成任务类型配置错误
[2023-02-15 02:02:55 ERROR]task表读490行3列完成任务类型配置错误
[2023-02-15 02:02:55 ERROR]task表读491行3列完成任务类型配置错误
[2023-02-15 02:02:55 ERROR]task表读492行3列完成任务类型配置错误
[2023-02-15 02:02:55 ERROR]task表读493行3列完成任务类型配置错误
[2023-02-15 02:02:55 ERROR]task表读494行3列完成任务类型配置错误
[2023-02-15 02:02:55 ERROR]task表读495行3列完成任务类型配置错误
[2023-02-15 02:02:55 ERROR]task表读496行3列完成任务类型配置错误
[2023-02-15 02:02:55 ERROR]task表读497行3列完成任务类型配置错误
[2023-02-15 02:02:55 ERROR]task表读498行3列完成任务类型配置错误
[2023-02-15 02:02:55 ERROR]task表读499行3列完成任务类型配置错误
[2023-02-15 02:02:55 ERROR]task表读500行3列完成任务类型配置错误
[2023-02-15 02:02:55 ERROR]task表读501行3列完成任务类型配置错误
[2023-02-15 02:02:55 ERROR]task表读502行3列完成任务类型配置错误
[2023-02-15 02:02:55 ERROR]task表读503行3列完成任务类型配置错误
[2023-02-15 02:02:55 ERROR]task表读504行3列完成任务类型配置错误
[2023-02-15 02:02:55 ERROR]task表读505行3列完成任务类型配置错误
[2023-02-15 02:02:55 ERROR]task表读506行3列完成任务类型配置错误
[2023-02-15 02:02:55 ERROR]task表读507行3列完成任务类型配置错误
[2023-02-15 02:02:55 ERROR]task表读508行3列完成任务类型配置错误
[2023-02-15 02:02:55 ERROR]task表读509行3列完成任务类型配置错误
[2023-02-15 02:02:55 ERROR]task表读510行3列完成任务类型配置错误
[2023-02-15 02:02:55 ERROR]task表读511行3列完成任务类型配置错误
[2023-02-15 02:02:55 ERROR]task表读512行3列完成任务类型配置错误
[2023-02-15 02:02:55 ERROR]task表读513行3列完成任务类型配置错误
[2023-02-15 02:02:55 ERROR]task表读514行3列完成任务类型配置错误
[2023-02-15 02:02:55 ERROR]task表读515行3列完成任务类型配置错误
[2023-02-15 02:02:55 ERROR]task表读516行3列完成任务类型配置错误
[2023-02-15 02:02:55 ERROR]task表读517行3列完成任务类型配置错误
[2023-02-15 02:02:55 ERROR]task表读518行3列完成任务类型配置错误
[2023-02-15 02:02:55 ERROR]task表读519行3列完成任务类型配置错误
[2023-02-15 02:02:55 ERROR]task表读520行3列完成任务类型配置错误
[2023-02-15 02:02:55 ERROR]task表读521行3列完成任务类型配置错误
[2023-02-15 02:02:55 ERROR]task表读522行3列完成任务类型配置错误
[2023-02-15 02:02:55 ERROR]task表读523行3列完成任务类型配置错误
[2023-02-15 02:02:55 ERROR]task表读524行3列完成任务类型配置错误
[2023-02-15 02:02:55 ERROR]task表读525行3列完成任务类型配置错误
[2023-02-15 02:02:55 ERROR]task表读526行3列完成任务类型配置错误
[2023-02-15 02:02:55 ERROR]task表读527行3列完成任务类型配置错误
[2023-02-15 02:02:55 ERROR]task表读528行3列完成任务类型配置错误
[2023-02-15 02:02:55 ERROR]task表读529行3列完成任务类型配置错误
[2023-02-15 02:02:55 ERROR]task表读530行3列完成任务类型配置错误
[2023-02-15 02:02:55 ERROR]task表读531行3列完成任务类型配置错误
[2023-02-15 02:02:55 ERROR]task表读532行3列完成任务类型配置错误
[2023-02-15 02:02:55 ERROR]task表读533行3列完成任务类型配置错误
[2023-02-15 02:02:55 ERROR]task表读534行3列完成任务类型配置错误
[2023-02-15 02:02:55 ERROR]task表读535行3列完成任务类型配置错误
[2023-02-15 02:02:55 ERROR]task表读536行3列完成任务类型配置错误
[2023-02-15 02:02:55 INFO]task生成java代码成功
[2023-02-15 02:02:55 INFO]ScriptConfigManager.java导出成功。
[2023-02-15 02:02:55 INFO]CfgManager.java导出成功。
