2023-01-16 20:33:43.177 ERROR [GameServer Start][HttpUtils.java:90] - 异常http://localhost:8080/TzjBackend/serverstate/checkstate?
java.net.ConnectException: Connection refused: connect
	at java.net.DualStackPlainSocketImpl.waitForConnect(Native Method) ~[?:1.8.0_51]
	at java.net.DualStackPlainSocketImpl.socketConnect(DualStackPlainSocketImpl.java:85) ~[?:1.8.0_51]
	at java.net.AbstractPlainSocketImpl.doConnect(AbstractPlainSocketImpl.java:345) ~[?:1.8.0_51]
	at java.net.AbstractPlainSocketImpl.connectToAddress(AbstractPlainSocketImpl.java:206) ~[?:1.8.0_51]
	at java.net.AbstractPlainSocketImpl.connect(AbstractPlainSocketImpl.java:188) ~[?:1.8.0_51]
	at java.net.PlainSocketImpl.connect(PlainSocketImpl.java:172) ~[?:1.8.0_51]
	at java.net.SocksSocketImpl.connect(SocksSocketImpl.java:392) ~[?:1.8.0_51]
	at java.net.Socket.connect(Socket.java:589) ~[?:1.8.0_51]
	at sun.net.NetworkClient.doConnect(NetworkClient.java:175) ~[?:1.8.0_51]
	at sun.net.www.http.HttpClient.openServer(HttpClient.java:432) ~[?:1.8.0_51]
	at sun.net.www.http.HttpClient.openServer(HttpClient.java:527) ~[?:1.8.0_51]
	at sun.net.www.http.HttpClient.<init>(HttpClient.java:211) ~[?:1.8.0_51]
	at sun.net.www.http.HttpClient.New(HttpClient.java:308) ~[?:1.8.0_51]
	at sun.net.www.http.HttpClient.New(HttpClient.java:326) ~[?:1.8.0_51]
	at sun.net.www.protocol.http.HttpURLConnection.getNewHttpClient(HttpURLConnection.java:1168) ~[?:1.8.0_51]
	at sun.net.www.protocol.http.HttpURLConnection.plainConnect0(HttpURLConnection.java:1104) ~[?:1.8.0_51]
	at sun.net.www.protocol.http.HttpURLConnection.plainConnect(HttpURLConnection.java:998) ~[?:1.8.0_51]
	at sun.net.www.protocol.http.HttpURLConnection.connect(HttpURLConnection.java:932) ~[?:1.8.0_51]
	at sun.net.www.protocol.http.HttpURLConnection.getOutputStream0(HttpURLConnection.java:1282) ~[?:1.8.0_51]
	at sun.net.www.protocol.http.HttpURLConnection.getOutputStream(HttpURLConnection.java:1257) ~[?:1.8.0_51]
	at game.core.util.HttpUtils.sendPost(HttpUtils.java:66) [GameCore.jar:?]
	at game.core.util.HttpUtils.sendPost(HttpUtils.java:31) [GameCore.jar:?]
	at com.game.publicserver.structs.ConnectPublicServer.<init>(ConnectPublicServer.java:43) [GameServer/:?]
	at com.game.publicserver.manager.PublicServerManager.init(PublicServerManager.java:63) [GameServer/:?]
	at com.game.server.GameServer.init(GameServer.java:382) [GameServer/:?]
	at game.core.net.server.BaseServer.run(BaseServer.java:44) [GameCore.jar:?]
	at com.game.server.GameServer.run(GameServer.java:511) [GameServer/:?]
	at java.lang.Thread.run(Thread.java:745) [?:1.8.0_51]
2023-01-16 20:33:43.185 ERROR [GameServer Start][HttpUtils.java:93] - java.net.ConnectException: Connection refused: connect
java.net.ConnectException: Connection refused: connect
	at java.net.DualStackPlainSocketImpl.waitForConnect(Native Method) ~[?:1.8.0_51]
	at java.net.DualStackPlainSocketImpl.socketConnect(DualStackPlainSocketImpl.java:85) ~[?:1.8.0_51]
	at java.net.AbstractPlainSocketImpl.doConnect(AbstractPlainSocketImpl.java:345) ~[?:1.8.0_51]
	at java.net.AbstractPlainSocketImpl.connectToAddress(AbstractPlainSocketImpl.java:206) ~[?:1.8.0_51]
	at java.net.AbstractPlainSocketImpl.connect(AbstractPlainSocketImpl.java:188) ~[?:1.8.0_51]
	at java.net.PlainSocketImpl.connect(PlainSocketImpl.java:172) ~[?:1.8.0_51]
	at java.net.SocksSocketImpl.connect(SocksSocketImpl.java:392) ~[?:1.8.0_51]
	at java.net.Socket.connect(Socket.java:589) ~[?:1.8.0_51]
	at sun.net.NetworkClient.doConnect(NetworkClient.java:175) ~[?:1.8.0_51]
	at sun.net.www.http.HttpClient.openServer(HttpClient.java:432) ~[?:1.8.0_51]
	at sun.net.www.http.HttpClient.openServer(HttpClient.java:527) ~[?:1.8.0_51]
	at sun.net.www.http.HttpClient.<init>(HttpClient.java:211) ~[?:1.8.0_51]
	at sun.net.www.http.HttpClient.New(HttpClient.java:308) ~[?:1.8.0_51]
	at sun.net.www.http.HttpClient.New(HttpClient.java:326) ~[?:1.8.0_51]
	at sun.net.www.protocol.http.HttpURLConnection.getNewHttpClient(HttpURLConnection.java:1168) ~[?:1.8.0_51]
	at sun.net.www.protocol.http.HttpURLConnection.plainConnect0(HttpURLConnection.java:1104) ~[?:1.8.0_51]
	at sun.net.www.protocol.http.HttpURLConnection.plainConnect(HttpURLConnection.java:998) ~[?:1.8.0_51]
	at sun.net.www.protocol.http.HttpURLConnection.connect(HttpURLConnection.java:932) ~[?:1.8.0_51]
	at sun.net.www.protocol.http.HttpURLConnection.getOutputStream0(HttpURLConnection.java:1282) ~[?:1.8.0_51]
	at sun.net.www.protocol.http.HttpURLConnection.getOutputStream(HttpURLConnection.java:1257) ~[?:1.8.0_51]
	at game.core.util.HttpUtils.sendPost(HttpUtils.java:66) [GameCore.jar:?]
	at game.core.util.HttpUtils.sendPost(HttpUtils.java:31) [GameCore.jar:?]
	at com.game.publicserver.structs.ConnectPublicServer.<init>(ConnectPublicServer.java:43) [GameServer/:?]
	at com.game.publicserver.manager.PublicServerManager.init(PublicServerManager.java:63) [GameServer/:?]
	at com.game.server.GameServer.init(GameServer.java:382) [GameServer/:?]
	at game.core.net.server.BaseServer.run(BaseServer.java:44) [GameCore.jar:?]
	at com.game.server.GameServer.run(GameServer.java:511) [GameServer/:?]
	at java.lang.Thread.run(Thread.java:745) [?:1.8.0_51]
2023-01-16 20:33:45.223 ERROR [GameServer Start][HttpUtils.java:112] - java.net.ConnectException: Connection refused: connect
java.net.ConnectException: Connection refused: connect
	at java.net.DualStackPlainSocketImpl.waitForConnect(Native Method) ~[?:1.8.0_51]
	at java.net.DualStackPlainSocketImpl.socketConnect(DualStackPlainSocketImpl.java:85) ~[?:1.8.0_51]
	at java.net.AbstractPlainSocketImpl.doConnect(AbstractPlainSocketImpl.java:345) ~[?:1.8.0_51]
	at java.net.AbstractPlainSocketImpl.connectToAddress(AbstractPlainSocketImpl.java:206) ~[?:1.8.0_51]
	at java.net.AbstractPlainSocketImpl.connect(AbstractPlainSocketImpl.java:188) ~[?:1.8.0_51]
	at java.net.PlainSocketImpl.connect(PlainSocketImpl.java:172) ~[?:1.8.0_51]
	at java.net.SocksSocketImpl.connect(SocksSocketImpl.java:392) ~[?:1.8.0_51]
	at java.net.Socket.connect(Socket.java:589) ~[?:1.8.0_51]
	at sun.net.NetworkClient.doConnect(NetworkClient.java:175) ~[?:1.8.0_51]
	at sun.net.www.http.HttpClient.openServer(HttpClient.java:432) ~[?:1.8.0_51]
	at sun.net.www.http.HttpClient.openServer(HttpClient.java:527) ~[?:1.8.0_51]
	at sun.net.www.http.HttpClient.<init>(HttpClient.java:211) ~[?:1.8.0_51]
	at sun.net.www.http.HttpClient.New(HttpClient.java:308) ~[?:1.8.0_51]
	at sun.net.www.http.HttpClient.New(HttpClient.java:326) ~[?:1.8.0_51]
	at sun.net.www.protocol.http.HttpURLConnection.getNewHttpClient(HttpURLConnection.java:1168) ~[?:1.8.0_51]
	at sun.net.www.protocol.http.HttpURLConnection.plainConnect0(HttpURLConnection.java:1104) ~[?:1.8.0_51]
	at sun.net.www.protocol.http.HttpURLConnection.plainConnect(HttpURLConnection.java:998) ~[?:1.8.0_51]
	at sun.net.www.protocol.http.HttpURLConnection.connect(HttpURLConnection.java:932) ~[?:1.8.0_51]
	at sun.net.www.protocol.http.HttpURLConnection.getInputStream0(HttpURLConnection.java:1512) ~[?:1.8.0_51]
	at sun.net.www.protocol.http.HttpURLConnection.getInputStream(HttpURLConnection.java:1440) ~[?:1.8.0_51]
	at game.core.util.HttpUtils.sendPost(HttpUtils.java:104) [GameCore.jar:?]
	at game.core.util.HttpUtils.sendPost(HttpUtils.java:31) [GameCore.jar:?]
	at com.game.publicserver.structs.ConnectPublicServer.<init>(ConnectPublicServer.java:43) [GameServer/:?]
	at com.game.publicserver.manager.PublicServerManager.init(PublicServerManager.java:63) [GameServer/:?]
	at com.game.server.GameServer.init(GameServer.java:382) [GameServer/:?]
	at game.core.net.server.BaseServer.run(BaseServer.java:44) [GameCore.jar:?]
	at com.game.server.GameServer.run(GameServer.java:511) [GameServer/:?]
	at java.lang.Thread.run(Thread.java:745) [?:1.8.0_51]
2023-01-16 20:41:20.916 ERROR [GameServer Start][HttpUtils.java:90] - 异常http://localhost:8080/TzjBackend/serverstate/checkstate?
java.net.ConnectException: Connection refused: connect
	at java.net.DualStackPlainSocketImpl.waitForConnect(Native Method) ~[?:1.8.0_51]
	at java.net.DualStackPlainSocketImpl.socketConnect(DualStackPlainSocketImpl.java:85) ~[?:1.8.0_51]
	at java.net.AbstractPlainSocketImpl.doConnect(AbstractPlainSocketImpl.java:345) ~[?:1.8.0_51]
	at java.net.AbstractPlainSocketImpl.connectToAddress(AbstractPlainSocketImpl.java:206) ~[?:1.8.0_51]
	at java.net.AbstractPlainSocketImpl.connect(AbstractPlainSocketImpl.java:188) ~[?:1.8.0_51]
	at java.net.PlainSocketImpl.connect(PlainSocketImpl.java:172) ~[?:1.8.0_51]
	at java.net.SocksSocketImpl.connect(SocksSocketImpl.java:392) ~[?:1.8.0_51]
	at java.net.Socket.connect(Socket.java:589) ~[?:1.8.0_51]
	at sun.net.NetworkClient.doConnect(NetworkClient.java:175) ~[?:1.8.0_51]
	at sun.net.www.http.HttpClient.openServer(HttpClient.java:432) ~[?:1.8.0_51]
	at sun.net.www.http.HttpClient.openServer(HttpClient.java:527) ~[?:1.8.0_51]
	at sun.net.www.http.HttpClient.<init>(HttpClient.java:211) ~[?:1.8.0_51]
	at sun.net.www.http.HttpClient.New(HttpClient.java:308) ~[?:1.8.0_51]
	at sun.net.www.http.HttpClient.New(HttpClient.java:326) ~[?:1.8.0_51]
	at sun.net.www.protocol.http.HttpURLConnection.getNewHttpClient(HttpURLConnection.java:1168) ~[?:1.8.0_51]
	at sun.net.www.protocol.http.HttpURLConnection.plainConnect0(HttpURLConnection.java:1104) ~[?:1.8.0_51]
	at sun.net.www.protocol.http.HttpURLConnection.plainConnect(HttpURLConnection.java:998) ~[?:1.8.0_51]
	at sun.net.www.protocol.http.HttpURLConnection.connect(HttpURLConnection.java:932) ~[?:1.8.0_51]
	at sun.net.www.protocol.http.HttpURLConnection.getOutputStream0(HttpURLConnection.java:1282) ~[?:1.8.0_51]
	at sun.net.www.protocol.http.HttpURLConnection.getOutputStream(HttpURLConnection.java:1257) ~[?:1.8.0_51]
	at game.core.util.HttpUtils.sendPost(HttpUtils.java:66) [GameCore.jar:?]
	at game.core.util.HttpUtils.sendPost(HttpUtils.java:31) [GameCore.jar:?]
	at com.game.publicserver.structs.ConnectPublicServer.<init>(ConnectPublicServer.java:43) [GameServer/:?]
	at com.game.publicserver.manager.PublicServerManager.init(PublicServerManager.java:63) [GameServer/:?]
	at com.game.server.GameServer.init(GameServer.java:382) [GameServer/:?]
	at game.core.net.server.BaseServer.run(BaseServer.java:44) [GameCore.jar:?]
	at com.game.server.GameServer.run(GameServer.java:511) [GameServer/:?]
	at java.lang.Thread.run(Thread.java:745) [?:1.8.0_51]
2023-01-16 20:41:20.924 ERROR [GameServer Start][HttpUtils.java:93] - java.net.ConnectException: Connection refused: connect
java.net.ConnectException: Connection refused: connect
	at java.net.DualStackPlainSocketImpl.waitForConnect(Native Method) ~[?:1.8.0_51]
	at java.net.DualStackPlainSocketImpl.socketConnect(DualStackPlainSocketImpl.java:85) ~[?:1.8.0_51]
	at java.net.AbstractPlainSocketImpl.doConnect(AbstractPlainSocketImpl.java:345) ~[?:1.8.0_51]
	at java.net.AbstractPlainSocketImpl.connectToAddress(AbstractPlainSocketImpl.java:206) ~[?:1.8.0_51]
	at java.net.AbstractPlainSocketImpl.connect(AbstractPlainSocketImpl.java:188) ~[?:1.8.0_51]
	at java.net.PlainSocketImpl.connect(PlainSocketImpl.java:172) ~[?:1.8.0_51]
	at java.net.SocksSocketImpl.connect(SocksSocketImpl.java:392) ~[?:1.8.0_51]
	at java.net.Socket.connect(Socket.java:589) ~[?:1.8.0_51]
	at sun.net.NetworkClient.doConnect(NetworkClient.java:175) ~[?:1.8.0_51]
	at sun.net.www.http.HttpClient.openServer(HttpClient.java:432) ~[?:1.8.0_51]
	at sun.net.www.http.HttpClient.openServer(HttpClient.java:527) ~[?:1.8.0_51]
	at sun.net.www.http.HttpClient.<init>(HttpClient.java:211) ~[?:1.8.0_51]
	at sun.net.www.http.HttpClient.New(HttpClient.java:308) ~[?:1.8.0_51]
	at sun.net.www.http.HttpClient.New(HttpClient.java:326) ~[?:1.8.0_51]
	at sun.net.www.protocol.http.HttpURLConnection.getNewHttpClient(HttpURLConnection.java:1168) ~[?:1.8.0_51]
	at sun.net.www.protocol.http.HttpURLConnection.plainConnect0(HttpURLConnection.java:1104) ~[?:1.8.0_51]
	at sun.net.www.protocol.http.HttpURLConnection.plainConnect(HttpURLConnection.java:998) ~[?:1.8.0_51]
	at sun.net.www.protocol.http.HttpURLConnection.connect(HttpURLConnection.java:932) ~[?:1.8.0_51]
	at sun.net.www.protocol.http.HttpURLConnection.getOutputStream0(HttpURLConnection.java:1282) ~[?:1.8.0_51]
	at sun.net.www.protocol.http.HttpURLConnection.getOutputStream(HttpURLConnection.java:1257) ~[?:1.8.0_51]
	at game.core.util.HttpUtils.sendPost(HttpUtils.java:66) [GameCore.jar:?]
	at game.core.util.HttpUtils.sendPost(HttpUtils.java:31) [GameCore.jar:?]
	at com.game.publicserver.structs.ConnectPublicServer.<init>(ConnectPublicServer.java:43) [GameServer/:?]
	at com.game.publicserver.manager.PublicServerManager.init(PublicServerManager.java:63) [GameServer/:?]
	at com.game.server.GameServer.init(GameServer.java:382) [GameServer/:?]
	at game.core.net.server.BaseServer.run(BaseServer.java:44) [GameCore.jar:?]
	at com.game.server.GameServer.run(GameServer.java:511) [GameServer/:?]
	at java.lang.Thread.run(Thread.java:745) [?:1.8.0_51]
2023-01-16 20:41:22.960 ERROR [GameServer Start][HttpUtils.java:112] - java.net.ConnectException: Connection refused: connect
java.net.ConnectException: Connection refused: connect
	at java.net.DualStackPlainSocketImpl.waitForConnect(Native Method) ~[?:1.8.0_51]
	at java.net.DualStackPlainSocketImpl.socketConnect(DualStackPlainSocketImpl.java:85) ~[?:1.8.0_51]
	at java.net.AbstractPlainSocketImpl.doConnect(AbstractPlainSocketImpl.java:345) ~[?:1.8.0_51]
	at java.net.AbstractPlainSocketImpl.connectToAddress(AbstractPlainSocketImpl.java:206) ~[?:1.8.0_51]
	at java.net.AbstractPlainSocketImpl.connect(AbstractPlainSocketImpl.java:188) ~[?:1.8.0_51]
	at java.net.PlainSocketImpl.connect(PlainSocketImpl.java:172) ~[?:1.8.0_51]
	at java.net.SocksSocketImpl.connect(SocksSocketImpl.java:392) ~[?:1.8.0_51]
	at java.net.Socket.connect(Socket.java:589) ~[?:1.8.0_51]
	at sun.net.NetworkClient.doConnect(NetworkClient.java:175) ~[?:1.8.0_51]
	at sun.net.www.http.HttpClient.openServer(HttpClient.java:432) ~[?:1.8.0_51]
	at sun.net.www.http.HttpClient.openServer(HttpClient.java:527) ~[?:1.8.0_51]
	at sun.net.www.http.HttpClient.<init>(HttpClient.java:211) ~[?:1.8.0_51]
	at sun.net.www.http.HttpClient.New(HttpClient.java:308) ~[?:1.8.0_51]
	at sun.net.www.http.HttpClient.New(HttpClient.java:326) ~[?:1.8.0_51]
	at sun.net.www.protocol.http.HttpURLConnection.getNewHttpClient(HttpURLConnection.java:1168) ~[?:1.8.0_51]
	at sun.net.www.protocol.http.HttpURLConnection.plainConnect0(HttpURLConnection.java:1104) ~[?:1.8.0_51]
	at sun.net.www.protocol.http.HttpURLConnection.plainConnect(HttpURLConnection.java:998) ~[?:1.8.0_51]
	at sun.net.www.protocol.http.HttpURLConnection.connect(HttpURLConnection.java:932) ~[?:1.8.0_51]
	at sun.net.www.protocol.http.HttpURLConnection.getInputStream0(HttpURLConnection.java:1512) ~[?:1.8.0_51]
	at sun.net.www.protocol.http.HttpURLConnection.getInputStream(HttpURLConnection.java:1440) ~[?:1.8.0_51]
	at game.core.util.HttpUtils.sendPost(HttpUtils.java:104) [GameCore.jar:?]
	at game.core.util.HttpUtils.sendPost(HttpUtils.java:31) [GameCore.jar:?]
	at com.game.publicserver.structs.ConnectPublicServer.<init>(ConnectPublicServer.java:43) [GameServer/:?]
	at com.game.publicserver.manager.PublicServerManager.init(PublicServerManager.java:63) [GameServer/:?]
	at com.game.server.GameServer.init(GameServer.java:382) [GameServer/:?]
	at game.core.net.server.BaseServer.run(BaseServer.java:44) [GameCore.jar:?]
	at com.game.server.GameServer.run(GameServer.java:511) [GameServer/:?]
	at java.lang.Thread.run(Thread.java:745) [?:1.8.0_51]
2023-01-16 20:45:31.123 ERROR [GameServer Start][LogService.java:186] - com.alibaba.druid.pool.GetConnectionTimeoutException: wait millis 60002, active 0, maxActive 30
com.alibaba.druid.pool.GetConnectionTimeoutException: wait millis 60002, active 0, maxActive 30
	at com.alibaba.druid.pool.DruidDataSource.getConnectionInternal(DruidDataSource.java:1137) ~[druid-1.0.15.jar:1.0.15]
	at com.alibaba.druid.pool.DruidDataSource.getConnectionDirect(DruidDataSource.java:960) ~[druid-1.0.15.jar:1.0.15]
	at com.alibaba.druid.pool.DruidDataSource.getConnection(DruidDataSource.java:940) ~[druid-1.0.15.jar:1.0.15]
	at com.alibaba.druid.pool.DruidDataSource.getConnection(DruidDataSource.java:930) ~[druid-1.0.15.jar:1.0.15]
	at game.core.dblog.LogService.checkTable(LogService.java:135) [GameCore.jar:?]
	at game.core.dblog.LogService.<init>(LogService.java:121) [GameCore.jar:?]
	at game.core.dblog.LogService.<init>(LogService.java:46) [GameCore.jar:?]
	at game.core.dblog.LogService$Singleton.<init>(LogService.java:60) [GameCore.jar:?]
	at game.core.dblog.LogService$Singleton.<clinit>(LogService.java:55) [GameCore.jar:?]
	at game.core.dblog.LogService.getInstance(LogService.java:72) [GameCore.jar:?]
	at com.game.server.GameServer.init(GameServer.java:388) [GameServer/:?]
	at game.core.net.server.BaseServer.run(BaseServer.java:44) [GameCore.jar:?]
	at com.game.server.GameServer.run(GameServer.java:511) [GameServer/:?]
	at java.lang.Thread.run(Thread.java:745) [?:1.8.0_51]
Caused by: java.sql.SQLNonTransientConnectionException: Could not create connection to database server. Attempted reconnect 3 times. Giving up.
	at com.mysql.cj.jdbc.exceptions.SQLError.createSQLException(SQLError.java:110) ~[mysql-connector-java-8.0.27.jar:8.0.27]
	at com.mysql.cj.jdbc.exceptions.SQLError.createSQLException(SQLError.java:97) ~[mysql-connector-java-8.0.27.jar:8.0.27]
	at com.mysql.cj.jdbc.exceptions.SQLError.createSQLException(SQLError.java:89) ~[mysql-connector-java-8.0.27.jar:8.0.27]
	at com.mysql.cj.jdbc.exceptions.SQLError.createSQLException(SQLError.java:63) ~[mysql-connector-java-8.0.27.jar:8.0.27]
	at com.mysql.cj.jdbc.exceptions.SQLError.createSQLException(SQLError.java:73) ~[mysql-connector-java-8.0.27.jar:8.0.27]
	at com.mysql.cj.jdbc.ConnectionImpl.connectWithRetries(ConnectionImpl.java:898) ~[mysql-connector-java-8.0.27.jar:8.0.27]
	at com.mysql.cj.jdbc.ConnectionImpl.createNewIO(ConnectionImpl.java:823) ~[mysql-connector-java-8.0.27.jar:8.0.27]
	at com.mysql.cj.jdbc.ConnectionImpl.<init>(ConnectionImpl.java:448) ~[mysql-connector-java-8.0.27.jar:8.0.27]
	at com.mysql.cj.jdbc.ConnectionImpl.getInstance(ConnectionImpl.java:241) ~[mysql-connector-java-8.0.27.jar:8.0.27]
	at com.mysql.cj.jdbc.NonRegisteringDriver.connect(NonRegisteringDriver.java:198) ~[mysql-connector-java-8.0.27.jar:8.0.27]
	at com.alibaba.druid.pool.DruidAbstractDataSource.createPhysicalConnection(DruidAbstractDataSource.java:1375) ~[druid-1.0.15.jar:1.0.15]
	at com.alibaba.druid.pool.DruidAbstractDataSource.createPhysicalConnection(DruidAbstractDataSource.java:1431) ~[druid-1.0.15.jar:1.0.15]
	at com.alibaba.druid.pool.DruidDataSource$CreateConnectionThread.run(DruidDataSource.java:1888) ~[druid-1.0.15.jar:1.0.15]
Caused by: com.mysql.cj.exceptions.CJException: Unknown database 'tzj_game_log'
	at sun.reflect.GeneratedConstructorAccessor21.newInstance(Unknown Source) ~[?:?]
	at sun.reflect.DelegatingConstructorAccessorImpl.newInstance(DelegatingConstructorAccessorImpl.java:45) ~[?:1.8.0_51]
	at java.lang.reflect.Constructor.newInstance(Constructor.java:422) ~[?:1.8.0_51]
	at com.mysql.cj.exceptions.ExceptionFactory.createException(ExceptionFactory.java:61) ~[mysql-connector-java-8.0.27.jar:8.0.27]
	at com.mysql.cj.exceptions.ExceptionFactory.createException(ExceptionFactory.java:105) ~[mysql-connector-java-8.0.27.jar:8.0.27]
	at com.mysql.cj.exceptions.ExceptionFactory.createException(ExceptionFactory.java:151) ~[mysql-connector-java-8.0.27.jar:8.0.27]
	at com.mysql.cj.exceptions.ExceptionFactory.createException(ExceptionFactory.java:129) ~[mysql-connector-java-8.0.27.jar:8.0.27]
	at com.mysql.cj.protocol.a.NativeProtocol.checkErrorMessage(NativeProtocol.java:787) ~[mysql-connector-java-8.0.27.jar:8.0.27]
	at com.mysql.cj.protocol.a.NativeProtocol.checkErrorMessage(NativeProtocol.java:709) ~[mysql-connector-java-8.0.27.jar:8.0.27]
	at com.mysql.cj.protocol.a.NativeProtocol.checkErrorMessage(NativeProtocol.java:677) ~[mysql-connector-java-8.0.27.jar:8.0.27]
	at com.mysql.cj.protocol.a.NativeProtocol.checkErrorMessage(NativeProtocol.java:137) ~[mysql-connector-java-8.0.27.jar:8.0.27]
	at com.mysql.cj.protocol.a.NativeAuthenticationProvider.proceedHandshakeWithPluggableAuthentication(NativeAuthenticationProvider.java:468) ~[mysql-connector-java-8.0.27.jar:8.0.27]
	at com.mysql.cj.protocol.a.NativeAuthenticationProvider.connect(NativeAuthenticationProvider.java:210) ~[mysql-connector-java-8.0.27.jar:8.0.27]
	at com.mysql.cj.protocol.a.NativeProtocol.connect(NativeProtocol.java:1369) ~[mysql-connector-java-8.0.27.jar:8.0.27]
	at com.mysql.cj.NativeSession.connect(NativeSession.java:133) ~[mysql-connector-java-8.0.27.jar:8.0.27]
	at com.mysql.cj.jdbc.ConnectionImpl.connectWithRetries(ConnectionImpl.java:842) ~[mysql-connector-java-8.0.27.jar:8.0.27]
	at com.mysql.cj.jdbc.ConnectionImpl.createNewIO(ConnectionImpl.java:823) ~[mysql-connector-java-8.0.27.jar:8.0.27]
	at com.mysql.cj.jdbc.ConnectionImpl.<init>(ConnectionImpl.java:448) ~[mysql-connector-java-8.0.27.jar:8.0.27]
	at com.mysql.cj.jdbc.ConnectionImpl.getInstance(ConnectionImpl.java:241) ~[mysql-connector-java-8.0.27.jar:8.0.27]
	at com.mysql.cj.jdbc.NonRegisteringDriver.connect(NonRegisteringDriver.java:198) ~[mysql-connector-java-8.0.27.jar:8.0.27]
	at com.alibaba.druid.pool.DruidAbstractDataSource.createPhysicalConnection(DruidAbstractDataSource.java:1375) ~[druid-1.0.15.jar:1.0.15]
	at com.alibaba.druid.pool.DruidAbstractDataSource.createPhysicalConnection(DruidAbstractDataSource.java:1431) ~[druid-1.0.15.jar:1.0.15]
	at com.alibaba.druid.pool.DruidDataSource$CreateConnectionThread.run(DruidDataSource.java:1888) ~[druid-1.0.15.jar:1.0.15]
2023-01-16 20:47:31.155 ERROR [GameServer Start][RoleUpdateLogService.java:213] - com.alibaba.druid.pool.GetConnectionTimeoutException: wait millis 60015, active 0, maxActive 30
com.alibaba.druid.pool.GetConnectionTimeoutException: wait millis 60015, active 0, maxActive 30
	at com.alibaba.druid.pool.DruidDataSource.getConnectionInternal(DruidDataSource.java:1137) ~[druid-1.0.15.jar:1.0.15]
	at com.alibaba.druid.pool.DruidDataSource.getConnectionDirect(DruidDataSource.java:960) ~[druid-1.0.15.jar:1.0.15]
	at com.alibaba.druid.pool.DruidDataSource.getConnection(DruidDataSource.java:940) ~[druid-1.0.15.jar:1.0.15]
	at com.alibaba.druid.pool.DruidDataSource.getConnection(DruidDataSource.java:930) ~[druid-1.0.15.jar:1.0.15]
	at com.game.roleLog.RoleUpdateLogService.checkTable(RoleUpdateLogService.java:206) [GameServer/:?]
	at com.game.roleLog.RoleUpdateLogService.<init>(RoleUpdateLogService.java:92) [GameServer/:?]
	at com.game.roleLog.RoleUpdateLogService.<init>(RoleUpdateLogService.java:27) [GameServer/:?]
	at com.game.roleLog.RoleUpdateLogService$Singleton.<init>(RoleUpdateLogService.java:35) [GameServer/:?]
	at com.game.roleLog.RoleUpdateLogService$Singleton.<clinit>(RoleUpdateLogService.java:31) [GameServer/:?]
	at com.game.roleLog.RoleUpdateLogService.getInstance(RoleUpdateLogService.java:44) [GameServer/:?]
	at com.game.server.GameServer.init(GameServer.java:390) [GameServer/:?]
	at game.core.net.server.BaseServer.run(BaseServer.java:44) [GameCore.jar:?]
	at com.game.server.GameServer.run(GameServer.java:511) [GameServer/:?]
	at java.lang.Thread.run(Thread.java:745) [?:1.8.0_51]
Caused by: java.sql.SQLNonTransientConnectionException: Could not create connection to database server. Attempted reconnect 3 times. Giving up.
	at com.mysql.cj.jdbc.exceptions.SQLError.createSQLException(SQLError.java:110) ~[mysql-connector-java-8.0.27.jar:8.0.27]
	at com.mysql.cj.jdbc.exceptions.SQLError.createSQLException(SQLError.java:97) ~[mysql-connector-java-8.0.27.jar:8.0.27]
	at com.mysql.cj.jdbc.exceptions.SQLError.createSQLException(SQLError.java:89) ~[mysql-connector-java-8.0.27.jar:8.0.27]
	at com.mysql.cj.jdbc.exceptions.SQLError.createSQLException(SQLError.java:63) ~[mysql-connector-java-8.0.27.jar:8.0.27]
	at com.mysql.cj.jdbc.exceptions.SQLError.createSQLException(SQLError.java:73) ~[mysql-connector-java-8.0.27.jar:8.0.27]
	at com.mysql.cj.jdbc.ConnectionImpl.connectWithRetries(ConnectionImpl.java:898) ~[mysql-connector-java-8.0.27.jar:8.0.27]
	at com.mysql.cj.jdbc.ConnectionImpl.createNewIO(ConnectionImpl.java:823) ~[mysql-connector-java-8.0.27.jar:8.0.27]
	at com.mysql.cj.jdbc.ConnectionImpl.<init>(ConnectionImpl.java:448) ~[mysql-connector-java-8.0.27.jar:8.0.27]
	at com.mysql.cj.jdbc.ConnectionImpl.getInstance(ConnectionImpl.java:241) ~[mysql-connector-java-8.0.27.jar:8.0.27]
	at com.mysql.cj.jdbc.NonRegisteringDriver.connect(NonRegisteringDriver.java:198) ~[mysql-connector-java-8.0.27.jar:8.0.27]
	at com.alibaba.druid.pool.DruidAbstractDataSource.createPhysicalConnection(DruidAbstractDataSource.java:1375) ~[druid-1.0.15.jar:1.0.15]
	at com.alibaba.druid.pool.DruidAbstractDataSource.createPhysicalConnection(DruidAbstractDataSource.java:1431) ~[druid-1.0.15.jar:1.0.15]
	at com.alibaba.druid.pool.DruidDataSource$CreateConnectionThread.run(DruidDataSource.java:1888) ~[druid-1.0.15.jar:1.0.15]
Caused by: com.mysql.cj.exceptions.CJException: Unknown database 'tzj_game_log'
	at sun.reflect.GeneratedConstructorAccessor21.newInstance(Unknown Source) ~[?:?]
	at sun.reflect.DelegatingConstructorAccessorImpl.newInstance(DelegatingConstructorAccessorImpl.java:45) ~[?:1.8.0_51]
	at java.lang.reflect.Constructor.newInstance(Constructor.java:422) ~[?:1.8.0_51]
	at com.mysql.cj.exceptions.ExceptionFactory.createException(ExceptionFactory.java:61) ~[mysql-connector-java-8.0.27.jar:8.0.27]
	at com.mysql.cj.exceptions.ExceptionFactory.createException(ExceptionFactory.java:105) ~[mysql-connector-java-8.0.27.jar:8.0.27]
	at com.mysql.cj.exceptions.ExceptionFactory.createException(ExceptionFactory.java:151) ~[mysql-connector-java-8.0.27.jar:8.0.27]
	at com.mysql.cj.exceptions.ExceptionFactory.createException(ExceptionFactory.java:129) ~[mysql-connector-java-8.0.27.jar:8.0.27]
	at com.mysql.cj.protocol.a.NativeProtocol.checkErrorMessage(NativeProtocol.java:787) ~[mysql-connector-java-8.0.27.jar:8.0.27]
	at com.mysql.cj.protocol.a.NativeProtocol.checkErrorMessage(NativeProtocol.java:709) ~[mysql-connector-java-8.0.27.jar:8.0.27]
	at com.mysql.cj.protocol.a.NativeProtocol.checkErrorMessage(NativeProtocol.java:677) ~[mysql-connector-java-8.0.27.jar:8.0.27]
	at com.mysql.cj.protocol.a.NativeProtocol.checkErrorMessage(NativeProtocol.java:137) ~[mysql-connector-java-8.0.27.jar:8.0.27]
	at com.mysql.cj.protocol.a.NativeAuthenticationProvider.proceedHandshakeWithPluggableAuthentication(NativeAuthenticationProvider.java:468) ~[mysql-connector-java-8.0.27.jar:8.0.27]
	at com.mysql.cj.protocol.a.NativeAuthenticationProvider.connect(NativeAuthenticationProvider.java:210) ~[mysql-connector-java-8.0.27.jar:8.0.27]
	at com.mysql.cj.protocol.a.NativeProtocol.connect(NativeProtocol.java:1369) ~[mysql-connector-java-8.0.27.jar:8.0.27]
	at com.mysql.cj.NativeSession.connect(NativeSession.java:133) ~[mysql-connector-java-8.0.27.jar:8.0.27]
	at com.mysql.cj.jdbc.ConnectionImpl.connectWithRetries(ConnectionImpl.java:842) ~[mysql-connector-java-8.0.27.jar:8.0.27]
	at com.mysql.cj.jdbc.ConnectionImpl.createNewIO(ConnectionImpl.java:823) ~[mysql-connector-java-8.0.27.jar:8.0.27]
	at com.mysql.cj.jdbc.ConnectionImpl.<init>(ConnectionImpl.java:448) ~[mysql-connector-java-8.0.27.jar:8.0.27]
	at com.mysql.cj.jdbc.ConnectionImpl.getInstance(ConnectionImpl.java:241) ~[mysql-connector-java-8.0.27.jar:8.0.27]
	at com.mysql.cj.jdbc.NonRegisteringDriver.connect(NonRegisteringDriver.java:198) ~[mysql-connector-java-8.0.27.jar:8.0.27]
	at com.alibaba.druid.pool.DruidAbstractDataSource.createPhysicalConnection(DruidAbstractDataSource.java:1375) ~[druid-1.0.15.jar:1.0.15]
	at com.alibaba.druid.pool.DruidAbstractDataSource.createPhysicalConnection(DruidAbstractDataSource.java:1431) ~[druid-1.0.15.jar:1.0.15]
	at com.alibaba.druid.pool.DruidDataSource$CreateConnectionThread.run(DruidDataSource.java:1888) ~[druid-1.0.15.jar:1.0.15]
2023-01-16 20:47:36.031 ERROR [GameServer Start][DBErrorToFile.java:34] - org.apache.ibatis.exceptions.PersistenceException: 
### Error querying database.  Cause: java.sql.SQLNonTransientConnectionException: Could not create connection to database server. Attempted reconnect 3 times. Giving up.
### The error may exist in com/game/db/sqlmap/serverParam.xml
### The error may involve serverParam.selectAll
### The error occurred while executing a query
### Cause: java.sql.SQLNonTransientConnectionException: Could not create connection to database server. Attempted reconnect 3 times. Giving up.
org.apache.ibatis.exceptions.PersistenceException: 
### Error querying database.  Cause: java.sql.SQLNonTransientConnectionException: Could not create connection to database server. Attempted reconnect 3 times. Giving up.
### The error may exist in com/game/db/sqlmap/serverParam.xml
### The error may involve serverParam.selectAll
### The error occurred while executing a query
### Cause: java.sql.SQLNonTransientConnectionException: Could not create connection to database server. Attempted reconnect 3 times. Giving up.
	at org.apache.ibatis.exceptions.ExceptionFactory.wrapException(ExceptionFactory.java:23) ~[mybatis-3.2.5.jar:3.2.5]
	at org.apache.ibatis.session.defaults.DefaultSqlSession.selectList(DefaultSqlSession.java:107) ~[mybatis-3.2.5.jar:3.2.5]
	at org.apache.ibatis.session.defaults.DefaultSqlSession.selectList(DefaultSqlSession.java:98) ~[mybatis-3.2.5.jar:3.2.5]
	at org.apache.ibatis.session.defaults.DefaultSqlSession.selectList(DefaultSqlSession.java:94) ~[mybatis-3.2.5.jar:3.2.5]
	at com.game.db.dao.serverParamDao.selectAll(serverParamDao.java:21) [GameServer/:?]
	at com.game.utils.ServerParamUtil.loadServerParam(ServerParamUtil.java:567) [GameServer/:?]
	at com.game.server.GameServer.init(GameServer.java:405) [GameServer/:?]
	at game.core.net.server.BaseServer.run(BaseServer.java:44) [GameCore.jar:?]
	at com.game.server.GameServer.run(GameServer.java:511) [GameServer/:?]
	at java.lang.Thread.run(Thread.java:745) [?:1.8.0_51]
Caused by: java.sql.SQLNonTransientConnectionException: Could not create connection to database server. Attempted reconnect 3 times. Giving up.
	at com.mysql.cj.jdbc.exceptions.SQLError.createSQLException(SQLError.java:110) ~[mysql-connector-java-8.0.27.jar:8.0.27]
	at com.mysql.cj.jdbc.exceptions.SQLError.createSQLException(SQLError.java:97) ~[mysql-connector-java-8.0.27.jar:8.0.27]
	at com.mysql.cj.jdbc.exceptions.SQLError.createSQLException(SQLError.java:89) ~[mysql-connector-java-8.0.27.jar:8.0.27]
	at com.mysql.cj.jdbc.exceptions.SQLError.createSQLException(SQLError.java:63) ~[mysql-connector-java-8.0.27.jar:8.0.27]
	at com.mysql.cj.jdbc.exceptions.SQLError.createSQLException(SQLError.java:73) ~[mysql-connector-java-8.0.27.jar:8.0.27]
	at com.mysql.cj.jdbc.ConnectionImpl.connectWithRetries(ConnectionImpl.java:898) ~[mysql-connector-java-8.0.27.jar:8.0.27]
	at com.mysql.cj.jdbc.ConnectionImpl.createNewIO(ConnectionImpl.java:823) ~[mysql-connector-java-8.0.27.jar:8.0.27]
	at com.mysql.cj.jdbc.ConnectionImpl.<init>(ConnectionImpl.java:448) ~[mysql-connector-java-8.0.27.jar:8.0.27]
	at com.mysql.cj.jdbc.ConnectionImpl.getInstance(ConnectionImpl.java:241) ~[mysql-connector-java-8.0.27.jar:8.0.27]
	at com.mysql.cj.jdbc.NonRegisteringDriver.connect(NonRegisteringDriver.java:198) ~[mysql-connector-java-8.0.27.jar:8.0.27]
	at java.sql.DriverManager.getConnection(DriverManager.java:664) ~[?:1.8.0_51]
	at java.sql.DriverManager.getConnection(DriverManager.java:208) ~[?:1.8.0_51]
	at org.apache.ibatis.datasource.unpooled.UnpooledDataSource.doGetConnection(UnpooledDataSource.java:191) ~[mybatis-3.2.5.jar:3.2.5]
	at org.apache.ibatis.datasource.unpooled.UnpooledDataSource.doGetConnection(UnpooledDataSource.java:186) ~[mybatis-3.2.5.jar:3.2.5]
	at org.apache.ibatis.datasource.unpooled.UnpooledDataSource.getConnection(UnpooledDataSource.java:88) ~[mybatis-3.2.5.jar:3.2.5]
	at org.apache.ibatis.datasource.pooled.PooledDataSource.popConnection(PooledDataSource.java:373) ~[mybatis-3.2.5.jar:3.2.5]
	at org.apache.ibatis.datasource.pooled.PooledDataSource.getConnection(PooledDataSource.java:82) ~[mybatis-3.2.5.jar:3.2.5]
	at org.apache.ibatis.transaction.jdbc.JdbcTransaction.openConnection(JdbcTransaction.java:131) ~[mybatis-3.2.5.jar:3.2.5]
	at org.apache.ibatis.transaction.jdbc.JdbcTransaction.getConnection(JdbcTransaction.java:58) ~[mybatis-3.2.5.jar:3.2.5]
	at org.apache.ibatis.executor.BaseExecutor.getConnection(BaseExecutor.java:271) ~[mybatis-3.2.5.jar:3.2.5]
	at org.apache.ibatis.executor.SimpleExecutor.prepareStatement(SimpleExecutor.java:69) ~[mybatis-3.2.5.jar:3.2.5]
	at org.apache.ibatis.executor.SimpleExecutor.doQuery(SimpleExecutor.java:56) ~[mybatis-3.2.5.jar:3.2.5]
	at org.apache.ibatis.executor.BaseExecutor.queryFromDatabase(BaseExecutor.java:259) ~[mybatis-3.2.5.jar:3.2.5]
	at org.apache.ibatis.executor.BaseExecutor.query(BaseExecutor.java:132) ~[mybatis-3.2.5.jar:3.2.5]
	at org.apache.ibatis.executor.CachingExecutor.query(CachingExecutor.java:105) ~[mybatis-3.2.5.jar:3.2.5]
	at org.apache.ibatis.executor.CachingExecutor.query(CachingExecutor.java:81) ~[mybatis-3.2.5.jar:3.2.5]
	at org.apache.ibatis.session.defaults.DefaultSqlSession.selectList(DefaultSqlSession.java:104) ~[mybatis-3.2.5.jar:3.2.5]
	... 8 more
Caused by: com.mysql.cj.exceptions.CJException: Unknown database 'tzj_game'
	at sun.reflect.GeneratedConstructorAccessor21.newInstance(Unknown Source) ~[?:?]
	at sun.reflect.DelegatingConstructorAccessorImpl.newInstance(DelegatingConstructorAccessorImpl.java:45) ~[?:1.8.0_51]
	at java.lang.reflect.Constructor.newInstance(Constructor.java:422) ~[?:1.8.0_51]
	at com.mysql.cj.exceptions.ExceptionFactory.createException(ExceptionFactory.java:61) ~[mysql-connector-java-8.0.27.jar:8.0.27]
	at com.mysql.cj.exceptions.ExceptionFactory.createException(ExceptionFactory.java:105) ~[mysql-connector-java-8.0.27.jar:8.0.27]
	at com.mysql.cj.exceptions.ExceptionFactory.createException(ExceptionFactory.java:151) ~[mysql-connector-java-8.0.27.jar:8.0.27]
	at com.mysql.cj.exceptions.ExceptionFactory.createException(ExceptionFactory.java:129) ~[mysql-connector-java-8.0.27.jar:8.0.27]
	at com.mysql.cj.protocol.a.NativeProtocol.checkErrorMessage(NativeProtocol.java:787) ~[mysql-connector-java-8.0.27.jar:8.0.27]
	at com.mysql.cj.protocol.a.NativeProtocol.checkErrorMessage(NativeProtocol.java:709) ~[mysql-connector-java-8.0.27.jar:8.0.27]
	at com.mysql.cj.protocol.a.NativeProtocol.checkErrorMessage(NativeProtocol.java:677) ~[mysql-connector-java-8.0.27.jar:8.0.27]
	at com.mysql.cj.protocol.a.NativeProtocol.checkErrorMessage(NativeProtocol.java:137) ~[mysql-connector-java-8.0.27.jar:8.0.27]
	at com.mysql.cj.protocol.a.NativeAuthenticationProvider.proceedHandshakeWithPluggableAuthentication(NativeAuthenticationProvider.java:468) ~[mysql-connector-java-8.0.27.jar:8.0.27]
	at com.mysql.cj.protocol.a.NativeAuthenticationProvider.connect(NativeAuthenticationProvider.java:210) ~[mysql-connector-java-8.0.27.jar:8.0.27]
	at com.mysql.cj.protocol.a.NativeProtocol.connect(NativeProtocol.java:1369) ~[mysql-connector-java-8.0.27.jar:8.0.27]
	at com.mysql.cj.NativeSession.connect(NativeSession.java:133) ~[mysql-connector-java-8.0.27.jar:8.0.27]
	at com.mysql.cj.jdbc.ConnectionImpl.connectWithRetries(ConnectionImpl.java:842) ~[mysql-connector-java-8.0.27.jar:8.0.27]
	at com.mysql.cj.jdbc.ConnectionImpl.createNewIO(ConnectionImpl.java:823) ~[mysql-connector-java-8.0.27.jar:8.0.27]
	at com.mysql.cj.jdbc.ConnectionImpl.<init>(ConnectionImpl.java:448) ~[mysql-connector-java-8.0.27.jar:8.0.27]
	at com.mysql.cj.jdbc.ConnectionImpl.getInstance(ConnectionImpl.java:241) ~[mysql-connector-java-8.0.27.jar:8.0.27]
	at com.mysql.cj.jdbc.NonRegisteringDriver.connect(NonRegisteringDriver.java:198) ~[mysql-connector-java-8.0.27.jar:8.0.27]
	at java.sql.DriverManager.getConnection(DriverManager.java:664) ~[?:1.8.0_51]
	at java.sql.DriverManager.getConnection(DriverManager.java:208) ~[?:1.8.0_51]
	at org.apache.ibatis.datasource.unpooled.UnpooledDataSource.doGetConnection(UnpooledDataSource.java:191) ~[mybatis-3.2.5.jar:3.2.5]
	at org.apache.ibatis.datasource.unpooled.UnpooledDataSource.doGetConnection(UnpooledDataSource.java:186) ~[mybatis-3.2.5.jar:3.2.5]
	at org.apache.ibatis.datasource.unpooled.UnpooledDataSource.getConnection(UnpooledDataSource.java:88) ~[mybatis-3.2.5.jar:3.2.5]
	at org.apache.ibatis.datasource.pooled.PooledDataSource.popConnection(PooledDataSource.java:373) ~[mybatis-3.2.5.jar:3.2.5]
	at org.apache.ibatis.datasource.pooled.PooledDataSource.getConnection(PooledDataSource.java:82) ~[mybatis-3.2.5.jar:3.2.5]
	at org.apache.ibatis.transaction.jdbc.JdbcTransaction.openConnection(JdbcTransaction.java:131) ~[mybatis-3.2.5.jar:3.2.5]
	at org.apache.ibatis.transaction.jdbc.JdbcTransaction.getConnection(JdbcTransaction.java:58) ~[mybatis-3.2.5.jar:3.2.5]
	at org.apache.ibatis.executor.BaseExecutor.getConnection(BaseExecutor.java:271) ~[mybatis-3.2.5.jar:3.2.5]
	at org.apache.ibatis.executor.SimpleExecutor.prepareStatement(SimpleExecutor.java:69) ~[mybatis-3.2.5.jar:3.2.5]
	at org.apache.ibatis.executor.SimpleExecutor.doQuery(SimpleExecutor.java:56) ~[mybatis-3.2.5.jar:3.2.5]
	at org.apache.ibatis.executor.BaseExecutor.queryFromDatabase(BaseExecutor.java:259) ~[mybatis-3.2.5.jar:3.2.5]
	at org.apache.ibatis.executor.BaseExecutor.query(BaseExecutor.java:132) ~[mybatis-3.2.5.jar:3.2.5]
	at org.apache.ibatis.executor.CachingExecutor.query(CachingExecutor.java:105) ~[mybatis-3.2.5.jar:3.2.5]
	at org.apache.ibatis.executor.CachingExecutor.query(CachingExecutor.java:81) ~[mybatis-3.2.5.jar:3.2.5]
	at org.apache.ibatis.session.defaults.DefaultSqlSession.selectList(DefaultSqlSession.java:104) ~[mybatis-3.2.5.jar:3.2.5]
	... 8 more
2023-01-16 20:47:36.035 ERROR [GameServer Start][GameServer.java:503] - 服务器启动进程失败了！
java.lang.NullPointerException: null
	at com.game.utils.ServerParamUtil.loadServerParam(ServerParamUtil.java:568) ~[GameServer/:?]
	at com.game.server.GameServer.init(GameServer.java:405) [GameServer/:?]
	at game.core.net.server.BaseServer.run(BaseServer.java:44) [GameCore.jar:?]
	at com.game.server.GameServer.run(GameServer.java:511) [GameServer/:?]
	at java.lang.Thread.run(Thread.java:745) [?:1.8.0_51]
