2023-01-17 00:28:02.015 INFO [GameServer Start][GameServer.java:283] - 当前心跳HTTP为：http://localhost:8086/TzjBackend/serverstate/checkstate?
2023-01-17 00:28:02.020 INFO [GameServer Start][GameServer.java:293] - 设置当前游戏支持人数等级为=5
2023-01-17 00:28:03.382 INFO [GameServer Start][ScriptAbstractManager.java:420] - Build scriptLoader classpath: [/M:/software/javaJDK/jdk1.8.0_51/jre/lib/charsets.jar;/M:/software/javaJDK/jdk1.8.0_51/jre/lib/deploy.jar;/M:/software/javaJDK/jdk1.8.0_51/jre/lib/ext/access-bridge-64.jar;/M:/software/javaJDK/jdk1.8.0_51/jre/lib/ext/cldrdata.jar;/M:/software/javaJDK/jdk1.8.0_51/jre/lib/ext/dnsns.jar;/M:/software/javaJDK/jdk1.8.0_51/jre/lib/ext/jaccess.jar;/M:/software/javaJDK/jdk1.8.0_51/jre/lib/ext/jfxrt.jar;/M:/software/javaJDK/jdk1.8.0_51/jre/lib/ext/localedata.jar;/M:/software/javaJDK/jdk1.8.0_51/jre/lib/ext/nashorn.jar;/M:/software/javaJDK/jdk1.8.0_51/jre/lib/ext/sunec.jar;/M:/software/javaJDK/jdk1.8.0_51/jre/lib/ext/sunjce_provider.jar;/M:/software/javaJDK/jdk1.8.0_51/jre/lib/ext/sunmscapi.jar;/M:/software/javaJDK/jdk1.8.0_51/jre/lib/ext/sunpkcs11.jar;/M:/software/javaJDK/jdk1.8.0_51/jre/lib/ext/zipfs.jar;/M:/software/javaJDK/jdk1.8.0_51/jre/lib/javaws.jar;/M:/software/javaJDK/jdk1.8.0_51/jre/lib/jce.jar;/M:/software/javaJDK/jdk1.8.0_51/jre/lib/jfr.jar;/M:/software/javaJDK/jdk1.8.0_51/jre/lib/jfxswt.jar;/M:/software/javaJDK/jdk1.8.0_51/jre/lib/jsse.jar;/M:/software/javaJDK/jdk1.8.0_51/jre/lib/management-agent.jar;/M:/software/javaJDK/jdk1.8.0_51/jre/lib/plugin.jar;/M:/software/javaJDK/jdk1.8.0_51/jre/lib/resources.jar;/M:/software/javaJDK/jdk1.8.0_51/jre/lib/rt.jar;/M:/project/tzj/Server/GameServer/out/production/GameServer/;/M:/project/tzj/Server/GameServer/gameserver/lib/netty-all-4.1.11.Final.jar;/M:/project/tzj/Server/GameServer/gameserver/lib/jackson-core-2.11.1.jar;/M:/project/tzj/Server/GameServer/gameserver/lib/log4j-core-2.17.0.jar;/M:/project/tzj/Server/GameServer/gameserver/lib/netty-all-4.1.11.Final-sources.jar;/M:/project/tzj/Server/GameServer/gameserver/lib/disruptor-3.3.6.jar;/M:/project/tzj/Server/GameServer/gameserver/lib/commons-logging-1.0.4.jar;/M:/project/tzj/Server/GameServer/gameserver/lib/druid-1.0.15.jar;/M:/project/tzj/Server/GameServer/gameserver/lib/httpasyncclient-4.1.2.jar;/M:/project/tzj/Server/GameServer/gameserver/lib/PushJavaSDK.jar;/M:/project/tzj/Server/GameServer/gameserver/lib/jackson-databind-2.11.1.jar;/M:/project/tzj/Server/GameServer/gameserver/lib/Message.jar;/M:/project/tzj/Server/GameServer/gameserver/lib/protobuf-java-2.5.0.jar;/M:/project/tzj/Server/GameServer/gameserver/lib/slf4j-api-1.7.6.jar;/M:/project/tzj/Server/GameServer/gameserver/lib/mysql-connector-java-8.0.27.jar;/M:/project/tzj/Server/GameServer/gameserver/lib/GameCfg.jar;/M:/project/tzj/Server/GameServer/gameserver/lib/commons-codec-1.9.jar;/M:/project/tzj/Server/GameServer/gameserver/lib/httpcore-nio-4.4.5.jar;/M:/project/tzj/Server/GameServer/gameserver/lib/jackson-annotations-2.11.1.jar;/M:/project/tzj/Server/GameServer/gameserver/lib/slf4j-log4j12-1.7.6.jar;/M:/project/tzj/Server/GameServer/gameserver/lib/httpclient-4.5.8.jar;/M:/project/tzj/Server/GameServer/gameserver/lib/log4j-api-2.17.0.jar;/M:/project/tzj/Server/GameServer/gameserver/lib/commons-lang-2.5.jar;/M:/project/tzj/Server/GameServer/gameserver/lib/GameCore.jar;/M:/project/tzj/Server/GameServer/gameserver/lib/log4j-1.2.17.jar;/M:/project/tzj/Server/GameServer/gameserver/lib/mybatis-3.2.5.jar;/M:/project/tzj/Server/GameServer/gameserver/lib/httpcore-4.4.4.jar;/M:/project/tzj/Server/GameServer/gameserver/GameServer.jar;/M:/software/ideaIU-2020.1.1.win/lib/idea_rt.jar;bin]
2023-01-17 00:28:07.282 INFO [GameServer Start][ScriptAbstractManager.java:320] - 脚本id：27 脚本名：common.achievement.AchievementScript;fullJavaFilePath:M:\project\tzj\Server\GameServer\script\common\achievement\AchievementScript.java begin makeScript
2023-01-17 00:28:08.339 INFO [GameServer Start][ScriptAbstractManager.java:387] - 脚本id：27 脚本名：common.achievement.AchievementScript init reload success
2023-01-17 00:28:08.339 INFO [GameServer Start][ScriptAbstractManager.java:400] - 脚本id：27 脚本名：common.achievement.AchievementScript
2023-01-17 00:28:08.356 INFO [GameServer Start][ScriptAbstractManager.java:320] - 脚本id：30 脚本名：common.activity.ActivityManageScript;fullJavaFilePath:M:\project\tzj\Server\GameServer\script\common\activity\ActivityManageScript.java begin makeScript
2023-01-17 00:28:08.854 INFO [GameServer Start][ScriptAbstractManager.java:387] - 脚本id：30 脚本名：common.activity.ActivityManageScript init reload success
2023-01-17 00:28:08.855 INFO [GameServer Start][ScriptAbstractManager.java:400] - 脚本id：30 脚本名：common.activity.ActivityManageScript
2023-01-17 00:28:08.860 INFO [GameServer Start][ScriptAbstractManager.java:320] - 脚本id：300008 脚本名：common.activity.CollectGoodsExchangeActivityScript;fullJavaFilePath:M:\project\tzj\Server\GameServer\script\common\activity\CollectGoodsExchangeActivityScript.java begin makeScript
2023-01-17 00:28:09.051 INFO [GameServer Start][ScriptAbstractManager.java:387] - 脚本id：300008 脚本名：common.activity.CollectGoodsExchangeActivityScript init reload success
2023-01-17 00:28:09.051 INFO [GameServer Start][ScriptAbstractManager.java:400] - 脚本id：300008 脚本名：common.activity.CollectGoodsExchangeActivityScript
2023-01-17 00:28:09.052 INFO [GameServer Start][ScriptAbstractManager.java:320] - 脚本id：300021 脚本名：common.activity.ContinuousRecharge2ActivityScript;fullJavaFilePath:M:\project\tzj\Server\GameServer\script\common\activity\ContinuousRecharge2ActivityScript.java begin makeScript
2023-01-17 00:28:09.238 INFO [GameServer Start][ScriptAbstractManager.java:387] - 脚本id：300021 脚本名：common.activity.ContinuousRecharge2ActivityScript init reload success
2023-01-17 00:28:09.238 INFO [GameServer Start][ScriptAbstractManager.java:400] - 脚本id：300021 脚本名：common.activity.ContinuousRecharge2ActivityScript
2023-01-17 00:28:09.238 INFO [GameServer Start][ScriptAbstractManager.java:320] - 脚本id：300015 脚本名：common.activity.ContinuousRechargeActivityScript;fullJavaFilePath:M:\project\tzj\Server\GameServer\script\common\activity\ContinuousRechargeActivityScript.java begin makeScript
2023-01-17 00:28:09.406 INFO [GameServer Start][ScriptAbstractManager.java:387] - 脚本id：300015 脚本名：common.activity.ContinuousRechargeActivityScript init reload success
2023-01-17 00:28:09.406 INFO [GameServer Start][ScriptAbstractManager.java:400] - 脚本id：300015 脚本名：common.activity.ContinuousRechargeActivityScript
2023-01-17 00:28:09.407 INFO [GameServer Start][ScriptAbstractManager.java:320] - 脚本id：300026 脚本名：common.activity.CornucopiaActivityScript;fullJavaFilePath:M:\project\tzj\Server\GameServer\script\common\activity\CornucopiaActivityScript.java begin makeScript
2023-01-17 00:28:09.869 INFO [GameServer Start][ScriptAbstractManager.java:387] - 脚本id：300026 脚本名：common.activity.CornucopiaActivityScript init reload success
2023-01-17 00:28:09.869 INFO [GameServer Start][ScriptAbstractManager.java:400] - 脚本id：300026 脚本名：common.activity.CornucopiaActivityScript
2023-01-17 00:28:09.869 INFO [GameServer Start][ScriptAbstractManager.java:320] - 脚本id：300002 脚本名：common.activity.DailyRechargeActivityScript;fullJavaFilePath:M:\project\tzj\Server\GameServer\script\common\activity\DailyRechargeActivityScript.java begin makeScript
2023-01-17 00:28:10.015 INFO [GameServer Start][ScriptAbstractManager.java:387] - 脚本id：300002 脚本名：common.activity.DailyRechargeActivityScript init reload success
2023-01-17 00:28:10.015 INFO [GameServer Start][ScriptAbstractManager.java:400] - 脚本id：300002 脚本名：common.activity.DailyRechargeActivityScript
2023-01-17 00:28:10.015 INFO [GameServer Start][ScriptAbstractManager.java:320] - 脚本id：300005 脚本名：common.activity.DrawRewardActivityScript;fullJavaFilePath:M:\project\tzj\Server\GameServer\script\common\activity\DrawRewardActivityScript.java begin makeScript
2023-01-17 00:28:10.311 INFO [GameServer Start][ScriptAbstractManager.java:387] - 脚本id：300005 脚本名：common.activity.DrawRewardActivityScript init reload success
2023-01-17 00:28:10.311 INFO [GameServer Start][ScriptAbstractManager.java:400] - 脚本id：300005 脚本名：common.activity.DrawRewardActivityScript
2023-01-17 00:28:10.311 INFO [GameServer Start][ScriptAbstractManager.java:320] - 脚本id：300020 脚本名：common.activity.FBShareActivityScript;fullJavaFilePath:M:\project\tzj\Server\GameServer\script\common\activity\FBShareActivityScript.java begin makeScript
2023-01-17 00:28:10.479 INFO [GameServer Start][ScriptAbstractManager.java:387] - 脚本id：300020 脚本名：common.activity.FBShareActivityScript init reload success
2023-01-17 00:28:10.479 INFO [GameServer Start][ScriptAbstractManager.java:400] - 脚本id：300020 脚本名：common.activity.FBShareActivityScript
2023-01-17 00:28:10.479 INFO [GameServer Start][ScriptAbstractManager.java:320] - 脚本id：300014 脚本名：common.activity.FestivalPreferenceActivityScript;fullJavaFilePath:M:\project\tzj\Server\GameServer\script\common\activity\FestivalPreferenceActivityScript.java begin makeScript
2023-01-17 00:28:10.610 INFO [GameServer Start][ScriptAbstractManager.java:387] - 脚本id：300014 脚本名：common.activity.FestivalPreferenceActivityScript init reload success
2023-01-17 00:28:10.611 INFO [GameServer Start][ScriptAbstractManager.java:400] - 脚本id：300014 脚本名：common.activity.FestivalPreferenceActivityScript
2023-01-17 00:28:10.611 INFO [GameServer Start][ScriptAbstractManager.java:320] - 脚本id：300019 脚本名：common.activity.FestivalWishActivityScript;fullJavaFilePath:M:\project\tzj\Server\GameServer\script\common\activity\FestivalWishActivityScript.java begin makeScript
2023-01-17 00:28:10.898 INFO [GameServer Start][ScriptAbstractManager.java:387] - 脚本id：300019 脚本名：common.activity.FestivalWishActivityScript init reload success
2023-01-17 00:28:10.898 INFO [GameServer Start][ScriptAbstractManager.java:400] - 脚本id：300019 脚本名：common.activity.FestivalWishActivityScript
2023-01-17 00:28:10.899 INFO [GameServer Start][ScriptAbstractManager.java:320] - 脚本id：300022 脚本名：common.activity.FestvialSignScript;fullJavaFilePath:M:\project\tzj\Server\GameServer\script\common\activity\FestvialSignScript.java begin makeScript
2023-01-17 00:28:11.146 INFO [GameServer Start][ScriptAbstractManager.java:387] - 脚本id：300022 脚本名：common.activity.FestvialSignScript init reload success
2023-01-17 00:28:11.146 INFO [GameServer Start][ScriptAbstractManager.java:400] - 脚本id：300022 脚本名：common.activity.FestvialSignScript
2023-01-17 00:28:11.146 INFO [GameServer Start][ScriptAbstractManager.java:320] - 脚本id：300029 脚本名：common.activity.FZTBActivityScript;fullJavaFilePath:M:\project\tzj\Server\GameServer\script\common\activity\FZTBActivityScript.java begin makeScript
2023-01-17 00:28:11.427 INFO [GameServer Start][ScriptAbstractManager.java:387] - 脚本id：300029 脚本名：common.activity.FZTBActivityScript init reload success
2023-01-17 00:28:11.427 INFO [GameServer Start][ScriptAbstractManager.java:400] - 脚本id：300029 脚本名：common.activity.FZTBActivityScript
2023-01-17 00:28:11.428 INFO [GameServer Start][ScriptAbstractManager.java:320] - 脚本id：300001 脚本名：common.activity.GetActiveActivityScript;fullJavaFilePath:M:\project\tzj\Server\GameServer\script\common\activity\GetActiveActivityScript.java begin makeScript
2023-01-17 00:28:11.584 INFO [GameServer Start][ScriptAbstractManager.java:387] - 脚本id：300001 脚本名：common.activity.GetActiveActivityScript init reload success
2023-01-17 00:28:11.585 INFO [GameServer Start][ScriptAbstractManager.java:400] - 脚本id：300001 脚本名：common.activity.GetActiveActivityScript
2023-01-17 00:28:11.585 INFO [GameServer Start][ScriptAbstractManager.java:320] - 脚本id：300009 脚本名：common.activity.GroupBuyActivityScript;fullJavaFilePath:M:\project\tzj\Server\GameServer\script\common\activity\GroupBuyActivityScript.java begin makeScript
2023-01-17 00:28:11.715 INFO [GameServer Start][ScriptAbstractManager.java:387] - 脚本id：300009 脚本名：common.activity.GroupBuyActivityScript init reload success
2023-01-17 00:28:11.715 INFO [GameServer Start][ScriptAbstractManager.java:400] - 脚本id：300009 脚本名：common.activity.GroupBuyActivityScript
2023-01-17 00:28:11.716 INFO [GameServer Start][ScriptAbstractManager.java:320] - 脚本id：300011 脚本名：common.activity.HolidayBossScript;fullJavaFilePath:M:\project\tzj\Server\GameServer\script\common\activity\HolidayBossScript.java begin makeScript
2023-01-17 00:28:11.874 INFO [GameServer Start][ScriptAbstractManager.java:387] - 脚本id：300011 脚本名：common.activity.HolidayBossScript init reload success
2023-01-17 00:28:11.874 INFO [GameServer Start][ScriptAbstractManager.java:400] - 脚本id：300011 脚本名：common.activity.HolidayBossScript
2023-01-17 00:28:11.875 INFO [GameServer Start][ScriptAbstractManager.java:320] - 脚本id：300017 脚本名：common.activity.HolidayDailyGiftActivityScript;fullJavaFilePath:M:\project\tzj\Server\GameServer\script\common\activity\HolidayDailyGiftActivityScript.java begin makeScript
2023-01-17 00:28:12.007 INFO [GameServer Start][ScriptAbstractManager.java:387] - 脚本id：300017 脚本名：common.activity.HolidayDailyGiftActivityScript init reload success
2023-01-17 00:28:12.007 INFO [GameServer Start][ScriptAbstractManager.java:400] - 脚本id：300017 脚本名：common.activity.HolidayDailyGiftActivityScript
2023-01-17 00:28:12.007 INFO [GameServer Start][ScriptAbstractManager.java:320] - 脚本id：300018 脚本名：common.activity.HolidayScoreRankScript;fullJavaFilePath:M:\project\tzj\Server\GameServer\script\common\activity\HolidayScoreRankScript.java begin makeScript
2023-01-17 00:28:12.184 INFO [GameServer Start][ScriptAbstractManager.java:387] - 脚本id：300018 脚本名：common.activity.HolidayScoreRankScript init reload success
2023-01-17 00:28:12.184 INFO [GameServer Start][ScriptAbstractManager.java:400] - 脚本id：300018 脚本名：common.activity.HolidayScoreRankScript
2023-01-17 00:28:12.185 INFO [GameServer Start][ScriptAbstractManager.java:320] - 脚本id：300012 脚本名：common.activity.HolidayTaskScript;fullJavaFilePath:M:\project\tzj\Server\GameServer\script\common\activity\HolidayTaskScript.java begin makeScript
2023-01-17 00:28:12.352 INFO [GameServer Start][ScriptAbstractManager.java:387] - 脚本id：300012 脚本名：common.activity.HolidayTaskScript init reload success
2023-01-17 00:28:12.352 INFO [GameServer Start][ScriptAbstractManager.java:400] - 脚本id：300012 脚本名：common.activity.HolidayTaskScript
2023-01-17 00:28:12.352 INFO [GameServer Start][ScriptAbstractManager.java:320] - 脚本id：300013 脚本名：common.activity.HolidayWordsScript;fullJavaFilePath:M:\project\tzj\Server\GameServer\script\common\activity\HolidayWordsScript.java begin makeScript
2023-01-17 00:28:12.505 INFO [GameServer Start][ScriptAbstractManager.java:387] - 脚本id：300013 脚本名：common.activity.HolidayWordsScript init reload success
2023-01-17 00:28:12.505 INFO [GameServer Start][ScriptAbstractManager.java:400] - 脚本id：300013 脚本名：common.activity.HolidayWordsScript
2023-01-17 00:28:12.506 INFO [GameServer Start][ScriptAbstractManager.java:320] - 脚本id：300023 脚本名：common.activity.JumpGridScript;fullJavaFilePath:M:\project\tzj\Server\GameServer\script\common\activity\JumpGridScript.java begin makeScript
2023-01-17 00:28:12.703 INFO [GameServer Start][ScriptAbstractManager.java:387] - 脚本id：300023 脚本名：common.activity.JumpGridScript init reload success
2023-01-17 00:28:12.703 INFO [GameServer Start][ScriptAbstractManager.java:400] - 脚本id：300023 脚本名：common.activity.JumpGridScript
2023-01-17 00:28:12.703 INFO [GameServer Start][ScriptAbstractManager.java:320] - 脚本id：300004 脚本名：common.activity.LimitGiftBagActivityScript;fullJavaFilePath:M:\project\tzj\Server\GameServer\script\common\activity\LimitGiftBagActivityScript.java begin makeScript
2023-01-17 00:28:12.818 INFO [GameServer Start][ScriptAbstractManager.java:387] - 脚本id：300004 脚本名：common.activity.LimitGiftBagActivityScript init reload success
2023-01-17 00:28:12.819 INFO [GameServer Start][ScriptAbstractManager.java:400] - 脚本id：300004 脚本名：common.activity.LimitGiftBagActivityScript
2023-01-17 00:28:12.819 INFO [GameServer Start][ScriptAbstractManager.java:320] - 脚本id：300016 脚本名：common.activity.LimitShopActivtyScript;fullJavaFilePath:M:\project\tzj\Server\GameServer\script\common\activity\LimitShopActivtyScript.java begin makeScript
2023-01-17 00:28:12.937 INFO [GameServer Start][ScriptAbstractManager.java:387] - 脚本id：300016 脚本名：common.activity.LimitShopActivtyScript init reload success
2023-01-17 00:28:12.937 INFO [GameServer Start][ScriptAbstractManager.java:400] - 脚本id：300016 脚本名：common.activity.LimitShopActivtyScript
2023-01-17 00:28:12.937 INFO [GameServer Start][ScriptAbstractManager.java:320] - 脚本id：300003 脚本名：common.activity.LimitTimeLoginActivityScript;fullJavaFilePath:M:\project\tzj\Server\GameServer\script\common\activity\LimitTimeLoginActivityScript.java begin makeScript
2023-01-17 00:28:13.171 INFO [GameServer Start][ScriptAbstractManager.java:387] - 脚本id：300003 脚本名：common.activity.LimitTimeLoginActivityScript init reload success
2023-01-17 00:28:13.171 INFO [GameServer Start][ScriptAbstractManager.java:400] - 脚本id：300003 脚本名：common.activity.LimitTimeLoginActivityScript
2023-01-17 00:28:13.171 INFO [GameServer Start][ScriptAbstractManager.java:320] - 脚本id：300028 脚本名：common.activity.LuckyCat2ActivityScript;fullJavaFilePath:M:\project\tzj\Server\GameServer\script\common\activity\LuckyCat2ActivityScript.java begin makeScript
2023-01-17 00:28:13.290 INFO [GameServer Start][ScriptAbstractManager.java:387] - 脚本id：300028 脚本名：common.activity.LuckyCat2ActivityScript init reload success
2023-01-17 00:28:13.290 INFO [GameServer Start][ScriptAbstractManager.java:400] - 脚本id：300028 脚本名：common.activity.LuckyCat2ActivityScript
2023-01-17 00:28:13.290 INFO [GameServer Start][ScriptAbstractManager.java:320] - 脚本id：300010 脚本名：common.activity.LuckyCatActivityScript;fullJavaFilePath:M:\project\tzj\Server\GameServer\script\common\activity\LuckyCatActivityScript.java begin makeScript
2023-01-17 00:28:13.396 INFO [GameServer Start][ScriptAbstractManager.java:387] - 脚本id：300010 脚本名：common.activity.LuckyCatActivityScript init reload success
2023-01-17 00:28:13.396 INFO [GameServer Start][ScriptAbstractManager.java:400] - 脚本id：300010 脚本名：common.activity.LuckyCatActivityScript
2023-01-17 00:28:13.396 INFO [GameServer Start][ScriptAbstractManager.java:320] - 脚本id：300025 脚本名：common.activity.PicTipsActivityScript;fullJavaFilePath:M:\project\tzj\Server\GameServer\script\common\activity\PicTipsActivityScript.java begin makeScript
2023-01-17 00:28:13.461 INFO [GameServer Start][ScriptAbstractManager.java:387] - 脚本id：300025 脚本名：common.activity.PicTipsActivityScript init reload success
2023-01-17 00:28:13.461 INFO [GameServer Start][ScriptAbstractManager.java:400] - 脚本id：300025 脚本名：common.activity.PicTipsActivityScript
2023-01-17 00:28:13.461 INFO [GameServer Start][ScriptAbstractManager.java:320] - 脚本id：300006 脚本名：common.activity.RechargeTotalActivityScript;fullJavaFilePath:M:\project\tzj\Server\GameServer\script\common\activity\RechargeTotalActivityScript.java begin makeScript
2023-01-17 00:28:13.597 INFO [GameServer Start][ScriptAbstractManager.java:387] - 脚本id：300006 脚本名：common.activity.RechargeTotalActivityScript init reload success
2023-01-17 00:28:13.597 INFO [GameServer Start][ScriptAbstractManager.java:400] - 脚本id：300006 脚本名：common.activity.RechargeTotalActivityScript
2023-01-17 00:28:13.597 INFO [GameServer Start][ScriptAbstractManager.java:320] - 脚本id：300024 脚本名：common.activity.ShowActivityScript;fullJavaFilePath:M:\project\tzj\Server\GameServer\script\common\activity\ShowActivityScript.java begin makeScript
