2023-01-16 17:55:00.010 ERROR [GameServer Start][HttpUtils.java:90] - 异常http://localhost:8080/TzjBackend/serverstate/checkstate?
java.net.ConnectException: Connection refused: connect
	at java.net.DualStackPlainSocketImpl.waitForConnect(Native Method) ~[?:1.8.0_51]
	at java.net.DualStackPlainSocketImpl.socketConnect(DualStackPlainSocketImpl.java:85) ~[?:1.8.0_51]
	at java.net.AbstractPlainSocketImpl.doConnect(AbstractPlainSocketImpl.java:345) ~[?:1.8.0_51]
	at java.net.AbstractPlainSocketImpl.connectToAddress(AbstractPlainSocketImpl.java:206) ~[?:1.8.0_51]
	at java.net.AbstractPlainSocketImpl.connect(AbstractPlainSocketImpl.java:188) ~[?:1.8.0_51]
	at java.net.PlainSocketImpl.connect(PlainSocketImpl.java:172) ~[?:1.8.0_51]
	at java.net.SocksSocketImpl.connect(SocksSocketImpl.java:392) ~[?:1.8.0_51]
	at java.net.Socket.connect(Socket.java:589) ~[?:1.8.0_51]
	at sun.net.NetworkClient.doConnect(NetworkClient.java:175) ~[?:1.8.0_51]
	at sun.net.www.http.HttpClient.openServer(HttpClient.java:432) ~[?:1.8.0_51]
	at sun.net.www.http.HttpClient.openServer(HttpClient.java:527) ~[?:1.8.0_51]
	at sun.net.www.http.HttpClient.<init>(HttpClient.java:211) ~[?:1.8.0_51]
	at sun.net.www.http.HttpClient.New(HttpClient.java:308) ~[?:1.8.0_51]
	at sun.net.www.http.HttpClient.New(HttpClient.java:326) ~[?:1.8.0_51]
	at sun.net.www.protocol.http.HttpURLConnection.getNewHttpClient(HttpURLConnection.java:1168) ~[?:1.8.0_51]
	at sun.net.www.protocol.http.HttpURLConnection.plainConnect0(HttpURLConnection.java:1104) ~[?:1.8.0_51]
	at sun.net.www.protocol.http.HttpURLConnection.plainConnect(HttpURLConnection.java:998) ~[?:1.8.0_51]
	at sun.net.www.protocol.http.HttpURLConnection.connect(HttpURLConnection.java:932) ~[?:1.8.0_51]
	at sun.net.www.protocol.http.HttpURLConnection.getOutputStream0(HttpURLConnection.java:1282) ~[?:1.8.0_51]
	at sun.net.www.protocol.http.HttpURLConnection.getOutputStream(HttpURLConnection.java:1257) ~[?:1.8.0_51]
	at game.core.util.HttpUtils.sendPost(HttpUtils.java:66) [GameCore.jar:?]
	at game.core.util.HttpUtils.sendPost(HttpUtils.java:31) [GameCore.jar:?]
	at com.game.publicserver.structs.ConnectPublicServer.<init>(ConnectPublicServer.java:43) [GameServer/:?]
	at com.game.publicserver.manager.PublicServerManager.init(PublicServerManager.java:63) [GameServer/:?]
	at com.game.server.GameServer.init(GameServer.java:382) [GameServer/:?]
	at game.core.net.server.BaseServer.run(BaseServer.java:44) [GameCore.jar:?]
	at com.game.server.GameServer.run(GameServer.java:511) [GameServer/:?]
	at java.lang.Thread.run(Thread.java:745) [?:1.8.0_51]
2023-01-16 17:55:00.017 ERROR [GameServer Start][HttpUtils.java:93] - java.net.ConnectException: Connection refused: connect
java.net.ConnectException: Connection refused: connect
	at java.net.DualStackPlainSocketImpl.waitForConnect(Native Method) ~[?:1.8.0_51]
	at java.net.DualStackPlainSocketImpl.socketConnect(DualStackPlainSocketImpl.java:85) ~[?:1.8.0_51]
	at java.net.AbstractPlainSocketImpl.doConnect(AbstractPlainSocketImpl.java:345) ~[?:1.8.0_51]
	at java.net.AbstractPlainSocketImpl.connectToAddress(AbstractPlainSocketImpl.java:206) ~[?:1.8.0_51]
	at java.net.AbstractPlainSocketImpl.connect(AbstractPlainSocketImpl.java:188) ~[?:1.8.0_51]
	at java.net.PlainSocketImpl.connect(PlainSocketImpl.java:172) ~[?:1.8.0_51]
	at java.net.SocksSocketImpl.connect(SocksSocketImpl.java:392) ~[?:1.8.0_51]
	at java.net.Socket.connect(Socket.java:589) ~[?:1.8.0_51]
	at sun.net.NetworkClient.doConnect(NetworkClient.java:175) ~[?:1.8.0_51]
	at sun.net.www.http.HttpClient.openServer(HttpClient.java:432) ~[?:1.8.0_51]
	at sun.net.www.http.HttpClient.openServer(HttpClient.java:527) ~[?:1.8.0_51]
	at sun.net.www.http.HttpClient.<init>(HttpClient.java:211) ~[?:1.8.0_51]
	at sun.net.www.http.HttpClient.New(HttpClient.java:308) ~[?:1.8.0_51]
	at sun.net.www.http.HttpClient.New(HttpClient.java:326) ~[?:1.8.0_51]
	at sun.net.www.protocol.http.HttpURLConnection.getNewHttpClient(HttpURLConnection.java:1168) ~[?:1.8.0_51]
	at sun.net.www.protocol.http.HttpURLConnection.plainConnect0(HttpURLConnection.java:1104) ~[?:1.8.0_51]
	at sun.net.www.protocol.http.HttpURLConnection.plainConnect(HttpURLConnection.java:998) ~[?:1.8.0_51]
	at sun.net.www.protocol.http.HttpURLConnection.connect(HttpURLConnection.java:932) ~[?:1.8.0_51]
	at sun.net.www.protocol.http.HttpURLConnection.getOutputStream0(HttpURLConnection.java:1282) ~[?:1.8.0_51]
	at sun.net.www.protocol.http.HttpURLConnection.getOutputStream(HttpURLConnection.java:1257) ~[?:1.8.0_51]
	at game.core.util.HttpUtils.sendPost(HttpUtils.java:66) [GameCore.jar:?]
	at game.core.util.HttpUtils.sendPost(HttpUtils.java:31) [GameCore.jar:?]
	at com.game.publicserver.structs.ConnectPublicServer.<init>(ConnectPublicServer.java:43) [GameServer/:?]
	at com.game.publicserver.manager.PublicServerManager.init(PublicServerManager.java:63) [GameServer/:?]
	at com.game.server.GameServer.init(GameServer.java:382) [GameServer/:?]
	at game.core.net.server.BaseServer.run(BaseServer.java:44) [GameCore.jar:?]
	at com.game.server.GameServer.run(GameServer.java:511) [GameServer/:?]
	at java.lang.Thread.run(Thread.java:745) [?:1.8.0_51]
2023-01-16 17:55:02.048 ERROR [GameServer Start][HttpUtils.java:112] - java.net.ConnectException: Connection refused: connect
java.net.ConnectException: Connection refused: connect
	at java.net.DualStackPlainSocketImpl.waitForConnect(Native Method) ~[?:1.8.0_51]
	at java.net.DualStackPlainSocketImpl.socketConnect(DualStackPlainSocketImpl.java:85) ~[?:1.8.0_51]
	at java.net.AbstractPlainSocketImpl.doConnect(AbstractPlainSocketImpl.java:345) ~[?:1.8.0_51]
	at java.net.AbstractPlainSocketImpl.connectToAddress(AbstractPlainSocketImpl.java:206) ~[?:1.8.0_51]
	at java.net.AbstractPlainSocketImpl.connect(AbstractPlainSocketImpl.java:188) ~[?:1.8.0_51]
	at java.net.PlainSocketImpl.connect(PlainSocketImpl.java:172) ~[?:1.8.0_51]
	at java.net.SocksSocketImpl.connect(SocksSocketImpl.java:392) ~[?:1.8.0_51]
	at java.net.Socket.connect(Socket.java:589) ~[?:1.8.0_51]
	at sun.net.NetworkClient.doConnect(NetworkClient.java:175) ~[?:1.8.0_51]
	at sun.net.www.http.HttpClient.openServer(HttpClient.java:432) ~[?:1.8.0_51]
	at sun.net.www.http.HttpClient.openServer(HttpClient.java:527) ~[?:1.8.0_51]
	at sun.net.www.http.HttpClient.<init>(HttpClient.java:211) ~[?:1.8.0_51]
	at sun.net.www.http.HttpClient.New(HttpClient.java:308) ~[?:1.8.0_51]
	at sun.net.www.http.HttpClient.New(HttpClient.java:326) ~[?:1.8.0_51]
	at sun.net.www.protocol.http.HttpURLConnection.getNewHttpClient(HttpURLConnection.java:1168) ~[?:1.8.0_51]
	at sun.net.www.protocol.http.HttpURLConnection.plainConnect0(HttpURLConnection.java:1104) ~[?:1.8.0_51]
	at sun.net.www.protocol.http.HttpURLConnection.plainConnect(HttpURLConnection.java:998) ~[?:1.8.0_51]
	at sun.net.www.protocol.http.HttpURLConnection.connect(HttpURLConnection.java:932) ~[?:1.8.0_51]
	at sun.net.www.protocol.http.HttpURLConnection.getInputStream0(HttpURLConnection.java:1512) ~[?:1.8.0_51]
	at sun.net.www.protocol.http.HttpURLConnection.getInputStream(HttpURLConnection.java:1440) ~[?:1.8.0_51]
	at game.core.util.HttpUtils.sendPost(HttpUtils.java:104) [GameCore.jar:?]
	at game.core.util.HttpUtils.sendPost(HttpUtils.java:31) [GameCore.jar:?]
	at com.game.publicserver.structs.ConnectPublicServer.<init>(ConnectPublicServer.java:43) [GameServer/:?]
	at com.game.publicserver.manager.PublicServerManager.init(PublicServerManager.java:63) [GameServer/:?]
	at com.game.server.GameServer.init(GameServer.java:382) [GameServer/:?]
	at game.core.net.server.BaseServer.run(BaseServer.java:44) [GameCore.jar:?]
	at com.game.server.GameServer.run(GameServer.java:511) [GameServer/:?]
	at java.lang.Thread.run(Thread.java:745) [?:1.8.0_51]
